

Microchip MPLAB XC8 Assembler V2.31 build 20201012212115 
                                                                                               Wed Mar 31 19:34:26 2021

Microchip MPLAB XC8 C Compiler v2.31 (Free license) build 20201012212115 Og1 
     1                           	processor	18F27Q43
     2                           	fnconf	rparam,??,?,0
     3                           	pagewidth 120
     4                           	opt	flic
     5                           	psect	idataBANK6,global,class=CODE,delta=1,noexec
     6                           	psect	cinit,global,reloc=2,class=CODE,delta=1
     7                           	psect	bssCOMRAM,global,class=COMRAM,space=1,delta=1,lowdata,noexec
     8                           	psect	dataBANK6,global,class=BANK6,space=1,delta=1,lowdata,noexec
     9                           	psect	cstackCOMRAM,global,class=COMRAM,space=1,delta=1,lowdata,noexec
    10                           	psect	text0,global,reloc=2,class=CODE,delta=1
    11                           	psect	text1,global,reloc=2,class=CODE,delta=1
    12                           	psect	text2,global,reloc=2,class=CODE,delta=1
    13                           	psect	text3,global,reloc=2,class=CODE,delta=1
    14                           	psect	text4,global,reloc=2,class=CODE,delta=1
    15                           	psect	text5,global,reloc=2,class=CODE,delta=1
    16                           	psect	text6,global,reloc=2,class=CODE,delta=1
    17                           	psect	text7,global,reloc=2,class=CODE,delta=1
    18                           	psect	intsave_regs,global,class=BIGRAM,space=1,delta=1,noexec
    19                           	psect	rparam,global,class=COMRAM,space=1,delta=1,noexec
    20                           	psect	idloc,global,abs,ovrld,class=IDLOC,space=5,delta=1,noexec
    21                           	psect	config,global,abs,ovrld,class=CONFIG,space=4,delta=1,noexec
    22  0000                     
    23                           ; Version 2.30
    24                           ; Generated 20/08/2020 GMT
    25                           ; 
    26                           ; Copyright © 2020, Microchip Technology Inc. and its subsidiaries ("Microchip")
    27                           ; All rights reserved.
    28                           ; 
    29                           ; This software is developed by Microchip Technology Inc. and its subsidiaries ("Microch
      +                          ip").
    30                           ; 
    31                           ; Redistribution and use in source and binary forms, with or without modification, are
    32                           ; permitted provided that the following conditions are met:
    33                           ; 
    34                           ;     1. Redistributions of source code must retain the above copyright notice, this lis
      +                          t of
    35                           ;        conditions and the following disclaimer.
    36                           ; 
    37                           ;     2. Redistributions in binary form must reproduce the above copyright notice, this 
      +                          list
    38                           ;        of conditions and the following disclaimer in the documentation and/or other
    39                           ;        materials provided with the distribution. Publication is not required when
    40                           ;        this file is used in an embedded application.
    41                           ; 
    42                           ;     3. Microchip's name may not be used to endorse or promote products derived from th
      +                          is
    43                           ;        software without specific prior written permission.
    44                           ; 
    45                           ; THIS SOFTWARE IS PROVIDED BY MICROCHIP "AS IS" AND ANY EXPRESS OR IMPLIED WARRANTIES,
    46                           ; INCLUDING, BUT NOT LIMITED TO, THE IMPLIED WARRANTIES OF MERCHANTABILITY AND FITNESS F
      +                          OR
    47                           ; PURPOSE ARE DISCLAIMED.  IN NO EVENT SHALL MICROCHIP BE LIABLE FOR ANY DIRECT, INDIREC
      +                          T,
    48                           ; INCIDENTAL, SPECIAL, EXEMPLARY, OR CONSEQUENTIAL DAMAGES (INCLUDING BUT NOT LIMITED TO
    49                           ; PROCUREMENT OF SUBSTITUTE GOODS OR SERVICES; LOSS OF USE, DATA OR PROFITS; OR BUSINESS
    50                           ; INTERRUPTION) HOWSOEVER CAUSED AND ON ANY THEORY OF LIABILITY, WHETHER IN CONTRACT, ST
      +                          RICT
    51                           ; LIABILITY, OR TORT (INCLUDING NEGLIGENCE OR OTHERWISE) ARISING IN ANY WAY OUT OF THE U
      +                          SE OF
    52                           ; THIS SOFTWARE, EVEN IF ADVISED OF THE POSSIBILITY OF SUCH DAMAGE.
    53                           ; 
    54                           ; 
    55                           ; Code-generator required, PIC18F27Q43 Definitions
    56                           ; 
    57                           ; SFR Addresses
    58  0000                     
    59                           	psect	idataBANK6
    60  01FEFC                     __pidataBANK6:
    61                           	callstack 0
    62                           
    63                           ;initializer for _UserApp_au8SinTable
    64  01FEFC  80                 	db	128
    65  01FEFD  83                 	db	131
    66  01FEFE  86                 	db	134
    67  01FEFF  89                 	db	137
    68  01FF00  8C                 	db	140
    69  01FF01  8F                 	db	143
    70  01FF02  92                 	db	146
    71  01FF03  95                 	db	149
    72  01FF04  98                 	db	152
    73  01FF05  9B                 	db	155
    74  01FF06  9E                 	db	158
    75  01FF07  A2                 	db	162
    76  01FF08  A5                 	db	165
    77  01FF09  A7                 	db	167
    78  01FF0A  AA                 	db	170
    79  01FF0B  AD                 	db	173
    80  01FF0C  B0                 	db	176
    81  01FF0D  B3                 	db	179
    82  01FF0E  B6                 	db	182
    83  01FF0F  B9                 	db	185
    84  01FF10  BC                 	db	188
    85  01FF11  BE                 	db	190
    86  01FF12  C1                 	db	193
    87  01FF13  C4                 	db	196
    88  01FF14  C6                 	db	198
    89  01FF15  C9                 	db	201
    90  01FF16  CB                 	db	203
    91  01FF17  CE                 	db	206
    92  01FF18  D0                 	db	208
    93  01FF19  D3                 	db	211
    94  01FF1A  D5                 	db	213
    95  01FF1B  D7                 	db	215
    96  01FF1C  DA                 	db	218
    97  01FF1D  DC                 	db	220
    98  01FF1E  DE                 	db	222
    99  01FF1F  E0                 	db	224
   100  01FF20  E2                 	db	226
   101  01FF21  E4                 	db	228
   102  01FF22  E6                 	db	230
   103  01FF23  E8                 	db	232
   104  01FF24  EA                 	db	234
   105  01FF25  EB                 	db	235
   106  01FF26  ED                 	db	237
   107  01FF27  EE                 	db	238
   108  01FF28  F0                 	db	240
   109  01FF29  F1                 	db	241
   110  01FF2A  F3                 	db	243
   111  01FF2B  F4                 	db	244
   112  01FF2C  F5                 	db	245
   113  01FF2D  F6                 	db	246
   114  01FF2E  F8                 	db	248
   115  01FF2F  F9                 	db	249
   116  01FF30  FA                 	db	250
   117  01FF31  FA                 	db	250
   118  01FF32  FB                 	db	251
   119  01FF33  FC                 	db	252
   120  01FF34  FD                 	db	253
   121  01FF35  FD                 	db	253
   122  01FF36  FE                 	db	254
   123  01FF37  FE                 	db	254
   124  01FF38  FE                 	db	254
   125  01FF39  FF                 	db	255
   126  01FF3A  FF                 	db	255
   127  01FF3B  FF                 	db	255
   128  01FF3C  FF                 	db	255
   129  01FF3D  FF                 	db	255
   130  01FF3E  FF                 	db	255
   131  01FF3F  FF                 	db	255
   132  01FF40  FE                 	db	254
   133  01FF41  FE                 	db	254
   134  01FF42  FE                 	db	254
   135  01FF43  FD                 	db	253
   136  01FF44  FD                 	db	253
   137  01FF45  FC                 	db	252
   138  01FF46  FB                 	db	251
   139  01FF47  FA                 	db	250
   140  01FF48  FA                 	db	250
   141  01FF49  F9                 	db	249
   142  01FF4A  F8                 	db	248
   143  01FF4B  F6                 	db	246
   144  01FF4C  F5                 	db	245
   145  01FF4D  F4                 	db	244
   146  01FF4E  F3                 	db	243
   147  01FF4F  F1                 	db	241
   148  01FF50  F0                 	db	240
   149  01FF51  EE                 	db	238
   150  01FF52  ED                 	db	237
   151  01FF53  EB                 	db	235
   152  01FF54  EA                 	db	234
   153  01FF55  E8                 	db	232
   154  01FF56  E6                 	db	230
   155  01FF57  E4                 	db	228
   156  01FF58  E2                 	db	226
   157  01FF59  E0                 	db	224
   158  01FF5A  DE                 	db	222
   159  01FF5B  DC                 	db	220
   160  01FF5C  DA                 	db	218
   161  01FF5D  D7                 	db	215
   162  01FF5E  D5                 	db	213
   163  01FF5F  D3                 	db	211
   164  01FF60  D0                 	db	208
   165  01FF61  CE                 	db	206
   166  01FF62  CB                 	db	203
   167  01FF63  C9                 	db	201
   168  01FF64  C6                 	db	198
   169  01FF65  C4                 	db	196
   170  01FF66  C1                 	db	193
   171  01FF67  BE                 	db	190
   172  01FF68  BC                 	db	188
   173  01FF69  B9                 	db	185
   174  01FF6A  B6                 	db	182
   175  01FF6B  B3                 	db	179
   176  01FF6C  B0                 	db	176
   177  01FF6D  AD                 	db	173
   178  01FF6E  AA                 	db	170
   179  01FF6F  A7                 	db	167
   180  01FF70  A5                 	db	165
   181  01FF71  A2                 	db	162
   182  01FF72  9E                 	db	158
   183  01FF73  9B                 	db	155
   184  01FF74  98                 	db	152
   185  01FF75  95                 	db	149
   186  01FF76  92                 	db	146
   187  01FF77  8F                 	db	143
   188  01FF78  8C                 	db	140
   189  01FF79  89                 	db	137
   190  01FF7A  86                 	db	134
   191  01FF7B  83                 	db	131
   192  01FF7C  80                 	db	128
   193  01FF7D  7C                 	db	124
   194  01FF7E  79                 	db	121
   195  01FF7F  76                 	db	118
   196  01FF80  73                 	db	115
   197  01FF81  70                 	db	112
   198  01FF82  6D                 	db	109
   199  01FF83  6A                 	db	106
   200  01FF84  67                 	db	103
   201  01FF85  64                 	db	100
   202  01FF86  61                 	db	97
   203  01FF87  5D                 	db	93
   204  01FF88  5A                 	db	90
   205  01FF89  58                 	db	88
   206  01FF8A  55                 	db	85
   207  01FF8B  52                 	db	82
   208  01FF8C  4F                 	db	79
   209  01FF8D  4C                 	db	76
   210  01FF8E  49                 	db	73
   211  01FF8F  46                 	db	70
   212  01FF90  43                 	db	67
   213  01FF91  41                 	db	65
   214  01FF92  3E                 	db	62
   215  01FF93  3B                 	db	59
   216  01FF94  39                 	db	57
   217  01FF95  36                 	db	54
   218  01FF96  34                 	db	52
   219  01FF97  31                 	db	49
   220  01FF98  2F                 	db	47
   221  01FF99  2C                 	db	44
   222  01FF9A  2A                 	db	42
   223  01FF9B  28                 	db	40
   224  01FF9C  25                 	db	37
   225  01FF9D  23                 	db	35
   226  01FF9E  21                 	db	33
   227  01FF9F  1F                 	db	31
   228  01FFA0  1D                 	db	29
   229  01FFA1  1B                 	db	27
   230  01FFA2  19                 	db	25
   231  01FFA3  17                 	db	23
   232  01FFA4  15                 	db	21
   233  01FFA5  14                 	db	20
   234  01FFA6  12                 	db	18
   235  01FFA7  11                 	db	17
   236  01FFA8  0F                 	db	15
   237  01FFA9  0E                 	db	14
   238  01FFAA  0C                 	db	12
   239  01FFAB  0B                 	db	11
   240  01FFAC  0A                 	db	10
   241  01FFAD  09                 	db	9
   242  01FFAE  07                 	db	7
   243  01FFAF  06                 	db	6
   244  01FFB0  05                 	db	5
   245  01FFB1  05                 	db	5
   246  01FFB2  04                 	db	4
   247  01FFB3  03                 	db	3
   248  01FFB4  02                 	db	2
   249  01FFB5  02                 	db	2
   250  01FFB6  01                 	db	1
   251  01FFB7  01                 	db	1
   252  01FFB8  01                 	db	1
   253  01FFB9  00                 	db	0
   254  01FFBA  00                 	db	0
   255  01FFBB  00                 	db	0
   256  01FFBC  00                 	db	0
   257  01FFBD  00                 	db	0
   258  01FFBE  00                 	db	0
   259  01FFBF  00                 	db	0
   260  01FFC0  01                 	db	1
   261  01FFC1  01                 	db	1
   262  01FFC2  01                 	db	1
   263  01FFC3  02                 	db	2
   264  01FFC4  02                 	db	2
   265  01FFC5  03                 	db	3
   266  01FFC6  04                 	db	4
   267  01FFC7  05                 	db	5
   268  01FFC8  05                 	db	5
   269  01FFC9  06                 	db	6
   270  01FFCA  07                 	db	7
   271  01FFCB  09                 	db	9
   272  01FFCC  0A                 	db	10
   273  01FFCD  0B                 	db	11
   274  01FFCE  0C                 	db	12
   275  01FFCF  0E                 	db	14
   276  01FFD0  0F                 	db	15
   277  01FFD1  11                 	db	17
   278  01FFD2  12                 	db	18
   279  01FFD3  14                 	db	20
   280  01FFD4  15                 	db	21
   281  01FFD5  17                 	db	23
   282  01FFD6  19                 	db	25
   283  01FFD7  1B                 	db	27
   284  01FFD8  1D                 	db	29
   285  01FFD9  1F                 	db	31
   286  01FFDA  21                 	db	33
   287  01FFDB  23                 	db	35
   288  01FFDC  25                 	db	37
   289  01FFDD  28                 	db	40
   290  01FFDE  2A                 	db	42
   291  01FFDF  2C                 	db	44
   292  01FFE0  2F                 	db	47
   293  01FFE1  31                 	db	49
   294  01FFE2  34                 	db	52
   295  01FFE3  36                 	db	54
   296  01FFE4  39                 	db	57
   297  01FFE5  3B                 	db	59
   298  01FFE6  3E                 	db	62
   299  01FFE7  41                 	db	65
   300  01FFE8  43                 	db	67
   301  01FFE9  46                 	db	70
   302  01FFEA  49                 	db	73
   303  01FFEB  4C                 	db	76
   304  01FFEC  4F                 	db	79
   305  01FFED  52                 	db	82
   306  01FFEE  55                 	db	85
   307  01FFEF  58                 	db	88
   308  01FFF0  5A                 	db	90
   309  01FFF1  5D                 	db	93
   310  01FFF2  61                 	db	97
   311  01FFF3  64                 	db	100
   312  01FFF4  67                 	db	103
   313  01FFF5  6A                 	db	106
   314  01FFF6  6D                 	db	109
   315  01FFF7  70                 	db	112
   316  01FFF8  73                 	db	115
   317  01FFF9  76                 	db	118
   318  01FFFA  79                 	db	121
   319  01FFFB  7C                 	db	124
   320  0000                     _DAC1DATL	set	125
   321  0000                     _DAC1CON	set	127
   322  0000                     _TMR0H	set	793
   323  0000                     _TMR0L	set	792
   324  0000                     _T0CON1	set	795
   325  0000                     _T0CON0	set	794
   326  0000                     _ANSELB	set	1032
   327  0000                     _ANSELA	set	1024
   328  0000                     _PIR3	set	1201
   329  0000                     _PORTB	set	1231
   330  0000                     _TRISB	set	1223
   331  0000                     _TRISA	set	1222
   332                           
   333                           ; #config settings
   334                           
   335                           	psect	cinit
   336  01FE88                     __pcinit:
   337                           	callstack 0
   338  01FE88                     start_initialization:
   339                           	callstack 0
   340  01FE88                     __initialization:
   341                           	callstack 0
   342                           
   343                           ; Initialize objects allocated to BANK6 (256 bytes)
   344                           ; load TBLPTR registers with __pidataBANK6
   345  01FE88  0EFC               	movlw	low __pidataBANK6
   346  01FE8A  6EF6               	movwf	tblptrl,c
   347  01FE8C  0EFE               	movlw	high __pidataBANK6
   348  01FE8E  6EF7               	movwf	tblptrh,c
   349  01FE90  0E01               	movlw	low (__pidataBANK6 shr (0+16))
   350  01FE92  6EF8               	movwf	tblptru,c
   351  01FE94  EE01  F200         	lfsr	0,__pdataBANK6
   352  01FE98  EE10 F100          	lfsr	1,256
   353  01FE9C                     copy_data0:
   354  01FE9C  0009               	tblrd		*+
   355  01FE9E  C4F5 F4EE          	movff	tablat,postinc0
   356  01FEA2  50E5               	movf	postdec1,w,c
   357  01FEA4  50E1               	movf	fsr1l,w,c
   358  01FEA6  E1FA               	bnz	copy_data0
   359  01FEA8  50E2               	movf	fsr1h,w,c
   360  01FEAA  E1F8               	bnz	copy_data0
   361                           
   362                           ; Clear objects allocated to COMRAM (14 bytes)
   363  01FEAC  EE01  F101         	lfsr	0,__pbssCOMRAM
   364  01FEB0  0E0E               	movlw	14
   365  01FEB2                     clear_0:
   366  01FEB2  6AEE               	clrf	postinc0,c
   367  01FEB4  06E8               	decf	wreg,f,c
   368  01FEB6  E1FD               	bnz	clear_0
   369  01FEB8                     end_of_initialization:
   370                           	callstack 0
   371  01FEB8                     __end_of__initialization:
   372                           	callstack 0
   373  01FEB8  0100               	movlb	0
   374  01FEBA  EF5F  F0FF         	goto	_main	;jump to C main() function
   375                           
   376                           	psect	bssCOMRAM
   377  000501                     __pbssCOMRAM:
   378                           	callstack 0
   379  000501                     _G_u32SystemFlags:
   380                           	callstack 0
   381  000501                     	ds	4
   382  000505                     _G_u32SystemTime1s:
   383                           	callstack 0
   384  000505                     	ds	4
   385  000509                     _G_u32SystemTime1ms:
   386                           	callstack 0
   387  000509                     	ds	4
   388  00050D                     UserAppRun@u8ThatIndexer:
   389                           	callstack 0
   390  00050D                     	ds	1
   391  00050E                     _G_u8UserAppFlags:
   392                           	callstack 0
   393  00050E                     	ds	1
   394                           
   395                           	psect	dataBANK6
   396  000600                     __pdataBANK6:
   397                           	callstack 0
   398  000600                     _UserApp_au8SinTable:
   399                           	callstack 0
   400  000600                     	ds	256
   401                           
   402                           	psect	cstackCOMRAM
   403  00050F                     __pcstackCOMRAM:
   404                           	callstack 0
   405  00050F                     TimeXMicroSeconds@u16DesiredTime:
   406                           	callstack 0
   407                           
   408                           ; 2 bytes @ 0x0
   409  00050F                     	ds	2
   410  000511                     TimeXMicroSeconds@u16Time:
   411                           	callstack 0
   412                           
   413                           ; 2 bytes @ 0x2
   414  000511                     	ds	2
   415  000513                     
   416                           ; 1 bytes @ 0x4
   417 ;;
   418 ;;Main: autosize = 0, tempsize = 0, incstack = 0, save=0
   419 ;;
   420 ;; *************** function _main *****************
   421 ;; Defined at:
   422 ;;		line 35 in file "../main.c"
   423 ;; Parameters:    Size  Location     Type
   424 ;;		None
   425 ;; Auto vars:     Size  Location     Type
   426 ;;		None
   427 ;; Return value:  Size  Location     Type
   428 ;;                  1    wreg      void 
   429 ;; Registers used:
   430 ;;		wreg, fsr2l, fsr2h, status,2, status,0, cstack
   431 ;; Tracked objects:
   432 ;;		On entry : 0/0
   433 ;;		On exit  : 0/0
   434 ;;		Unchanged: 0/0
   435 ;; Data sizes:     COMRAM   BANK5   BANK6   BANK7   BANK8   BANK9  BANK10  BANK11  BANK12  BANK13  BANK14  BANK15  BANK1
      +6  BANK17  BANK18  BANK19  BANK20  BANK21  BANK22  BANK23  BANK24  BANK25  BANK26  BANK27  BANK28  BANK29  BANK30  BANK3
      +1  BANK32  BANK33  BANK34  BANK35  BANK36  BANK37
   436 ;;      Params:         0       0       0       0       0       0       0       0       0       0       0       0       
      +0       0       0       0       0       0       0       0       0       0       0       0       0       0       0       
      +0       0       0       0       0       0       0
   437 ;;      Locals:         0       0       0       0       0       0       0       0       0       0       0       0       
      +0       0       0       0       0       0       0       0       0       0       0       0       0       0       0       
      +0       0       0       0       0       0       0
   438 ;;      Temps:          0       0       0       0       0       0       0       0       0       0       0       0       
      +0       0       0       0       0       0       0       0       0       0       0       0       0       0       0       
      +0       0       0       0       0       0       0
   439 ;;      Totals:         0       0       0       0       0       0       0       0       0       0       0       0       
      +0       0       0       0       0       0       0       0       0       0       0       0       0       0       0       
      +0       0       0       0       0       0       0
   440 ;;Total ram usage:        0 bytes
   441 ;; Hardware stack levels required when called:    1
   442 ;; This function calls:
   443 ;;		_ClockSetup
   444 ;;		_GpioSetup
   445 ;;		_SysTickSetup
   446 ;;		_SystemSleep
   447 ;;		_TimeXMicroSeconds
   448 ;;		_UserAppInitialize
   449 ;;		_UserAppRun
   450 ;; This function is called by:
   451 ;;		Startup code after reset
   452 ;; This function uses a non-reentrant model
   453 ;;
   454                           
   455                           	psect	text0
   456  01FEBE                     __ptext0:
   457                           	callstack 0
   458  01FEBE                     _main:
   459                           	callstack 127
   460  01FEBE                     
   461                           ;../main.c: 37:   G_u32SystemFlags |= (u32)0x80000000;
   462  01FEBE  8E04               	bsf	(_G_u32SystemFlags+3)^(0+1280),7,c	;volatile
   463  01FEC0                     
   464                           ;../main.c: 40:   ClockSetup();
   465  01FEC0  ECFD  F0FE         	call	_ClockSetup	;wreg free
   466  01FEC4                     
   467                           ;../main.c: 41:   SysTickSetup();
   468  01FEC4  EC22  F0FF         	call	_SysTickSetup	;wreg free
   469  01FEC8                     
   470                           ;../main.c: 42:   GpioSetup();
   471  01FEC8  EC13  F0FF         	call	_GpioSetup	;wreg free
   472  01FECC                     
   473                           ;../main.c: 47:   UserAppInitialize();
   474  01FECC  ECFF  F0FE         	call	_UserAppInitialize	;wreg free
   475  01FED0                     l838:
   476                           
   477                           ;../main.c: 53:   {;../main.c: 60:     UserAppRun();
   478  01FED0  EC07  F0FF         	call	_UserAppRun	;wreg free
   479  01FED4                     
   480                           ;../main.c: 62:     TimeXMicroSeconds(11);
   481  01FED4  0E00               	movlw	0
   482  01FED6  6E10               	movwf	(TimeXMicroSeconds@u16DesiredTime+1)^(0+1280),c
   483  01FED8  0E0B               	movlw	11
   484  01FEDA  6E0F               	movwf	TimeXMicroSeconds@u16DesiredTime^(0+1280),c
   485  01FEDC  EC33  F0FF         	call	_TimeXMicroSeconds	;wreg free
   486  01FEE0                     l842:
   487                           
   488                           ;../main.c: 64:         while(PIR3 <= 0b01111111)
   489  01FEE0  0E7F               	movlw	127
   490  01FEE2  64B1               	cpfsgt	177,c	;volatile
   491  01FEE4  EF76  F0FF         	goto	u21
   492  01FEE8  EF78  F0FF         	goto	u20
   493  01FEEC                     u21:
   494  01FEEC  EF70  F0FF         	goto	l842
   495  01FEF0                     u20:
   496  01FEF0                     
   497                           ;../main.c: 75:     SystemSleep();
   498  01FEF0  ECFE  F0FE         	call	_SystemSleep	;wreg free
   499  01FEF4  EF68  F0FF         	goto	l838
   500  01FEF8  EFFE  F0FF         	goto	start
   501  01FEFC                     __end_of_main:
   502                           	callstack 0
   503                           
   504 ;; *************** function _UserAppRun *****************
   505 ;; Defined at:
   506 ;;		line 126 in file "../user_app.c"
   507 ;; Parameters:    Size  Location     Type
   508 ;;		None
   509 ;; Auto vars:     Size  Location     Type
   510 ;;		None
   511 ;; Return value:  Size  Location     Type
   512 ;;                  1    wreg      void 
   513 ;; Registers used:
   514 ;;		wreg, fsr2l, fsr2h, status,2, status,0
   515 ;; Tracked objects:
   516 ;;		On entry : 0/0
   517 ;;		On exit  : 0/0
   518 ;;		Unchanged: 0/0
   519 ;; Data sizes:     COMRAM   BANK5   BANK6   BANK7   BANK8   BANK9  BANK10  BANK11  BANK12  BANK13  BANK14  BANK15  BANK1
      +6  BANK17  BANK18  BANK19  BANK20  BANK21  BANK22  BANK23  BANK24  BANK25  BANK26  BANK27  BANK28  BANK29  BANK30  BANK3
      +1  BANK32  BANK33  BANK34  BANK35  BANK36  BANK37
   520 ;;      Params:         0       0       0       0       0       0       0       0       0       0       0       0       
      +0       0       0       0       0       0       0       0       0       0       0       0       0       0       0       
      +0       0       0       0       0       0       0
   521 ;;      Locals:         0       0       0       0       0       0       0       0       0       0       0       0       
      +0       0       0       0       0       0       0       0       0       0       0       0       0       0       0       
      +0       0       0       0       0       0       0
   522 ;;      Temps:          0       0       0       0       0       0       0       0       0       0       0       0       
      +0       0       0       0       0       0       0       0       0       0       0       0       0       0       0       
      +0       0       0       0       0       0       0
   523 ;;      Totals:         0       0       0       0       0       0       0       0       0       0       0       0       
      +0       0       0       0       0       0       0       0       0       0       0       0       0       0       0       
      +0       0       0       0       0       0       0
   524 ;;Total ram usage:        0 bytes
   525 ;; Hardware stack levels used:    1
   526 ;; This function calls:
   527 ;;		Nothing
   528 ;; This function is called by:
   529 ;;		_main
   530 ;; This function uses a non-reentrant model
   531 ;;
   532                           
   533                           	psect	text1
   534  01FE0E                     __ptext1:
   535                           	callstack 0
   536  01FE0E                     _UserAppRun:
   537                           	callstack 127
   538  01FE0E                     
   539                           ;../user_app.c: 128:     static u8 u8ThatIndexer = 0x00;;../user_app.c: 133:     DAC1DAT
      +                          L = UserApp_au8SinTable[u8ThatIndexer];
   540  01FE0E  0E00               	movlw	low _UserApp_au8SinTable
   541  01FE10  240D               	addwf	UserAppRun@u8ThatIndexer^(0+1280),w,c
   542  01FE12  6ED9               	movwf	fsr2l,c
   543  01FE14  6ADA               	clrf	fsr2h,c
   544  01FE16  0E06               	movlw	high _UserApp_au8SinTable
   545  01FE18  22DA               	addwfc	fsr2h,f,c
   546  01FE1A  50DF               	movf	indf2,w,c
   547  01FE1C  0100               	movlb	0	; () banked
   548  01FE1E  6F7D               	movwf	125,b	;volatile
   549  01FE20                     
   550                           ; BSR set to: 0
   551                           ;../user_app.c: 137:     u8ThatIndexer += 4;
   552  01FE20  0E04               	movlw	4
   553  01FE22  260D               	addwf	UserAppRun@u8ThatIndexer^(0+1280),f,c
   554  01FE24                     
   555                           ; BSR set to: 0
   556  01FE24  0012               	return		;funcret
   557  01FE26                     __end_of_UserAppRun:
   558                           	callstack 0
   559                           
   560 ;; *************** function _UserAppInitialize *****************
   561 ;; Defined at:
   562 ;;		line 100 in file "../user_app.c"
   563 ;; Parameters:    Size  Location     Type
   564 ;;		None
   565 ;; Auto vars:     Size  Location     Type
   566 ;;		None
   567 ;; Return value:  Size  Location     Type
   568 ;;                  1    wreg      void 
   569 ;; Registers used:
   570 ;;		wreg, status,2
   571 ;; Tracked objects:
   572 ;;		On entry : 0/0
   573 ;;		On exit  : 0/0
   574 ;;		Unchanged: 0/0
   575 ;; Data sizes:     COMRAM   BANK5   BANK6   BANK7   BANK8   BANK9  BANK10  BANK11  BANK12  BANK13  BANK14  BANK15  BANK1
      +6  BANK17  BANK18  BANK19  BANK20  BANK21  BANK22  BANK23  BANK24  BANK25  BANK26  BANK27  BANK28  BANK29  BANK30  BANK3
      +1  BANK32  BANK33  BANK34  BANK35  BANK36  BANK37
   576 ;;      Params:         0       0       0       0       0       0       0       0       0       0       0       0       
      +0       0       0       0       0       0       0       0       0       0       0       0       0       0       0       
      +0       0       0       0       0       0       0
   577 ;;      Locals:         0       0       0       0       0       0       0       0       0       0       0       0       
      +0       0       0       0       0       0       0       0       0       0       0       0       0       0       0       
      +0       0       0       0       0       0       0
   578 ;;      Temps:          0       0       0       0       0       0       0       0       0       0       0       0       
      +0       0       0       0       0       0       0       0       0       0       0       0       0       0       0       
      +0       0       0       0       0       0       0
   579 ;;      Totals:         0       0       0       0       0       0       0       0       0       0       0       0       
      +0       0       0       0       0       0       0       0       0       0       0       0       0       0       0       
      +0       0       0       0       0       0       0
   580 ;;Total ram usage:        0 bytes
   581 ;; Hardware stack levels used:    1
   582 ;; This function calls:
   583 ;;		Nothing
   584 ;; This function is called by:
   585 ;;		_main
   586 ;; This function uses a non-reentrant model
   587 ;;
   588                           
   589                           	psect	text2
   590  01FDFE                     __ptext2:
   591                           	callstack 0
   592  01FDFE                     _UserAppInitialize:
   593                           	callstack 127
   594  01FDFE                     
   595                           ;../user_app.c: 106:     T0CON0 = 0b10110000;
   596  01FDFE  0EB0               	movlw	176
   597  01FE00  0103               	movlb	3	; () banked
   598  01FE02  6F1A               	movwf	26,b	;volatile
   599                           
   600                           ;../user_app.c: 107:     T0CON1 = 0b01010100;
   601  01FE04  0E54               	movlw	84
   602  01FE06  6F1B               	movwf	27,b	;volatile
   603  01FE08                     
   604                           ; BSR set to: 3
   605                           ;../user_app.c: 108:     TMR0L;
   606  01FE08  5118               	movf	24,w,b	;volatile
   607  01FE0A                     
   608                           ; BSR set to: 3
   609                           ;../user_app.c: 109:     TMR0H;
   610  01FE0A  5119               	movf	25,w,b	;volatile
   611  01FE0C                     
   612                           ; BSR set to: 3
   613  01FE0C  0012               	return		;funcret
   614  01FE0E                     __end_of_UserAppInitialize:
   615                           	callstack 0
   616                           
   617 ;; *************** function _TimeXMicroSeconds *****************
   618 ;; Defined at:
   619 ;;		line 21 in file "../TimeXMicroSeconds.c"
   620 ;; Parameters:    Size  Location     Type
   621 ;;  u16DesiredTi    2    0[COMRAM] unsigned short 
   622 ;; Auto vars:     Size  Location     Type
   623 ;;  u16Time         2    2[COMRAM] unsigned short 
   624 ;; Return value:  Size  Location     Type
   625 ;;                  2    0[COMRAM] unsigned short 
   626 ;; Registers used:
   627 ;;		wreg, status,2, status,0
   628 ;; Tracked objects:
   629 ;;		On entry : 0/0
   630 ;;		On exit  : 0/0
   631 ;;		Unchanged: 0/0
   632 ;; Data sizes:     COMRAM   BANK5   BANK6   BANK7   BANK8   BANK9  BANK10  BANK11  BANK12  BANK13  BANK14  BANK15  BANK1
      +6  BANK17  BANK18  BANK19  BANK20  BANK21  BANK22  BANK23  BANK24  BANK25  BANK26  BANK27  BANK28  BANK29  BANK30  BANK3
      +1  BANK32  BANK33  BANK34  BANK35  BANK36  BANK37
   633 ;;      Params:         2       0       0       0       0       0       0       0       0       0       0       0       
      +0       0       0       0       0       0       0       0       0       0       0       0       0       0       0       
      +0       0       0       0       0       0       0
   634 ;;      Locals:         2       0       0       0       0       0       0       0       0       0       0       0       
      +0       0       0       0       0       0       0       0       0       0       0       0       0       0       0       
      +0       0       0       0       0       0       0
   635 ;;      Temps:          0       0       0       0       0       0       0       0       0       0       0       0       
      +0       0       0       0       0       0       0       0       0       0       0       0       0       0       0       
      +0       0       0       0       0       0       0
   636 ;;      Totals:         4       0       0       0       0       0       0       0       0       0       0       0       
      +0       0       0       0       0       0       0       0       0       0       0       0       0       0       0       
      +0       0       0       0       0       0       0
   637 ;;Total ram usage:        4 bytes
   638 ;; Hardware stack levels used:    1
   639 ;; This function calls:
   640 ;;		Nothing
   641 ;; This function is called by:
   642 ;;		_main
   643 ;; This function uses a non-reentrant model
   644 ;;
   645                           
   646                           	psect	text3
   647  01FE66                     __ptext3:
   648                           	callstack 0
   649  01FE66                     _TimeXMicroSeconds:
   650                           	callstack 127
   651  01FE66                     
   652                           ;../TimeXMicroSeconds.c: 21: u16 TimeXMicroSeconds(u16 u16DesiredTime);../TimeXMicroSeco
      +                          nds.c: 22: {;../TimeXMicroSeconds.c: 28:     T0CON0 ^= 0b10000000;
   653  01FE66  0E80               	movlw	128
   654  01FE68  0103               	movlb	3	; () banked
   655  01FE6A  1B1A               	xorwf	26,f,b	;volatile
   656                           
   657                           ;../TimeXMicroSeconds.c: 32:     u16 u16Time = 0xFFFF - u16DesiredTime;
   658  01FE6C  1C0F               	comf	TimeXMicroSeconds@u16DesiredTime^(0+1280),w,c
   659  01FE6E  6E11               	movwf	TimeXMicroSeconds@u16Time^(0+1280),c
   660  01FE70  1C10               	comf	(TimeXMicroSeconds@u16DesiredTime+1)^(0+1280),w,c
   661  01FE72  6E12               	movwf	(TimeXMicroSeconds@u16Time+1)^(0+1280),c
   662  01FE74                     
   663                           ; BSR set to: 3
   664                           ;../TimeXMicroSeconds.c: 36:     TMR0L = u16Time & 0x00FF;
   665  01FE74  0061  F444  F318   	movff	TimeXMicroSeconds@u16Time,792	;volatile
   666  01FE7A                     
   667                           ; BSR set to: 3
   668                           ;../TimeXMicroSeconds.c: 37:     TMR0H = (u16Time & 0xFF00) / 0x100;
   669  01FE7A  5012               	movf	(TimeXMicroSeconds@u16Time+1)^(0+1280),w,c
   670  01FE7C  6F19               	movwf	25,b	;volatile
   671  01FE7E                     
   672                           ; BSR set to: 3
   673                           ;../TimeXMicroSeconds.c: 39:     PIR3 ^= 0b10000000;
   674  01FE7E  0E80               	movlw	128
   675  01FE80  1AB1               	xorwf	177,f,c	;volatile
   676  01FE82                     
   677                           ; BSR set to: 3
   678                           ;../TimeXMicroSeconds.c: 41:     T0CON0 ^= 0b10000000;
   679  01FE82  0E80               	movlw	128
   680  01FE84  1B1A               	xorwf	26,f,b	;volatile
   681  01FE86                     
   682                           ; BSR set to: 3
   683  01FE86  0012               	return		;funcret
   684  01FE88                     __end_of_TimeXMicroSeconds:
   685                           	callstack 0
   686                           
   687 ;; *************** function _SystemSleep *****************
   688 ;; Defined at:
   689 ;;		line 142 in file "../encm369_pic18.c"
   690 ;; Parameters:    Size  Location     Type
   691 ;;		None
   692 ;; Auto vars:     Size  Location     Type
   693 ;;		None
   694 ;; Return value:  Size  Location     Type
   695 ;;                  1    wreg      void 
   696 ;; Registers used:
   697 ;;		None
   698 ;; Tracked objects:
   699 ;;		On entry : 0/0
   700 ;;		On exit  : 0/0
   701 ;;		Unchanged: 0/0
   702 ;; Data sizes:     COMRAM   BANK5   BANK6   BANK7   BANK8   BANK9  BANK10  BANK11  BANK12  BANK13  BANK14  BANK15  BANK1
      +6  BANK17  BANK18  BANK19  BANK20  BANK21  BANK22  BANK23  BANK24  BANK25  BANK26  BANK27  BANK28  BANK29  BANK30  BANK3
      +1  BANK32  BANK33  BANK34  BANK35  BANK36  BANK37
   703 ;;      Params:         0       0       0       0       0       0       0       0       0       0       0       0       
      +0       0       0       0       0       0       0       0       0       0       0       0       0       0       0       
      +0       0       0       0       0       0       0
   704 ;;      Locals:         0       0       0       0       0       0       0       0       0       0       0       0       
      +0       0       0       0       0       0       0       0       0       0       0       0       0       0       0       
      +0       0       0       0       0       0       0
   705 ;;      Temps:          0       0       0       0       0       0       0       0       0       0       0       0       
      +0       0       0       0       0       0       0       0       0       0       0       0       0       0       0       
      +0       0       0       0       0       0       0
   706 ;;      Totals:         0       0       0       0       0       0       0       0       0       0       0       0       
      +0       0       0       0       0       0       0       0       0       0       0       0       0       0       0       
      +0       0       0       0       0       0       0
   707 ;;Total ram usage:        0 bytes
   708 ;; Hardware stack levels used:    1
   709 ;; This function calls:
   710 ;;		Nothing
   711 ;; This function is called by:
   712 ;;		_main
   713 ;; This function uses a non-reentrant model
   714 ;;
   715                           
   716                           	psect	text4
   717  01FDFC                     __ptext4:
   718                           	callstack 0
   719  01FDFC                     _SystemSleep:
   720                           	callstack 127
   721  01FDFC  0012               	return		;funcret
   722  01FDFE                     __end_of_SystemSleep:
   723                           	callstack 0
   724                           
   725 ;; *************** function _SysTickSetup *****************
   726 ;; Defined at:
   727 ;;		line 120 in file "../encm369_pic18.c"
   728 ;; Parameters:    Size  Location     Type
   729 ;;		None
   730 ;; Auto vars:     Size  Location     Type
   731 ;;		None
   732 ;; Return value:  Size  Location     Type
   733 ;;                  1    wreg      void 
   734 ;; Registers used:
   735 ;;		wreg, status,2
   736 ;; Tracked objects:
   737 ;;		On entry : 0/0
   738 ;;		On exit  : 0/0
   739 ;;		Unchanged: 0/0
   740 ;; Data sizes:     COMRAM   BANK5   BANK6   BANK7   BANK8   BANK9  BANK10  BANK11  BANK12  BANK13  BANK14  BANK15  BANK1
      +6  BANK17  BANK18  BANK19  BANK20  BANK21  BANK22  BANK23  BANK24  BANK25  BANK26  BANK27  BANK28  BANK29  BANK30  BANK3
      +1  BANK32  BANK33  BANK34  BANK35  BANK36  BANK37
   741 ;;      Params:         0       0       0       0       0       0       0       0       0       0       0       0       
      +0       0       0       0       0       0       0       0       0       0       0       0       0       0       0       
      +0       0       0       0       0       0       0
   742 ;;      Locals:         0       0       0       0       0       0       0       0       0       0       0       0       
      +0       0       0       0       0       0       0       0       0       0       0       0       0       0       0       
      +0       0       0       0       0       0       0
   743 ;;      Temps:          0       0       0       0       0       0       0       0       0       0       0       0       
      +0       0       0       0       0       0       0       0       0       0       0       0       0       0       0       
      +0       0       0       0       0       0       0
   744 ;;      Totals:         0       0       0       0       0       0       0       0       0       0       0       0       
      +0       0       0       0       0       0       0       0       0       0       0       0       0       0       0       
      +0       0       0       0       0       0       0
   745 ;;Total ram usage:        0 bytes
   746 ;; Hardware stack levels used:    1
   747 ;; This function calls:
   748 ;;		Nothing
   749 ;; This function is called by:
   750 ;;		_main
   751 ;; This function uses a non-reentrant model
   752 ;;
   753                           
   754                           	psect	text5
   755  01FE44                     __ptext5:
   756                           	callstack 0
   757  01FE44                     _SysTickSetup:
   758                           	callstack 127
   759  01FE44                     
   760                           ;../encm369_pic18.c: 122:   G_u32SystemTime1ms = 0;
   761  01FE44  0E00               	movlw	0
   762  01FE46  6E09               	movwf	_G_u32SystemTime1ms^(0+1280),c	;volatile
   763  01FE48  0E00               	movlw	0
   764  01FE4A  6E0A               	movwf	(_G_u32SystemTime1ms+1)^(0+1280),c	;volatile
   765  01FE4C  0E00               	movlw	0
   766  01FE4E  6E0B               	movwf	(_G_u32SystemTime1ms+2)^(0+1280),c	;volatile
   767  01FE50  0E00               	movlw	0
   768  01FE52  6E0C               	movwf	(_G_u32SystemTime1ms+3)^(0+1280),c	;volatile
   769                           
   770                           ;../encm369_pic18.c: 123:   G_u32SystemTime1s = 0;
   771  01FE54  0E00               	movlw	0
   772  01FE56  6E05               	movwf	_G_u32SystemTime1s^(0+1280),c	;volatile
   773  01FE58  0E00               	movlw	0
   774  01FE5A  6E06               	movwf	(_G_u32SystemTime1s+1)^(0+1280),c	;volatile
   775  01FE5C  0E00               	movlw	0
   776  01FE5E  6E07               	movwf	(_G_u32SystemTime1s+2)^(0+1280),c	;volatile
   777  01FE60  0E00               	movlw	0
   778  01FE62  6E08               	movwf	(_G_u32SystemTime1s+3)^(0+1280),c	;volatile
   779  01FE64  0012               	return		;funcret
   780  01FE66                     __end_of_SysTickSetup:
   781                           	callstack 0
   782                           
   783 ;; *************** function _GpioSetup *****************
   784 ;; Defined at:
   785 ;;		line 89 in file "../encm369_pic18.c"
   786 ;; Parameters:    Size  Location     Type
   787 ;;		None
   788 ;; Auto vars:     Size  Location     Type
   789 ;;		None
   790 ;; Return value:  Size  Location     Type
   791 ;;                  1    wreg      void 
   792 ;; Registers used:
   793 ;;		wreg, status,2
   794 ;; Tracked objects:
   795 ;;		On entry : 0/0
   796 ;;		On exit  : 0/0
   797 ;;		Unchanged: 0/0
   798 ;; Data sizes:     COMRAM   BANK5   BANK6   BANK7   BANK8   BANK9  BANK10  BANK11  BANK12  BANK13  BANK14  BANK15  BANK1
      +6  BANK17  BANK18  BANK19  BANK20  BANK21  BANK22  BANK23  BANK24  BANK25  BANK26  BANK27  BANK28  BANK29  BANK30  BANK3
      +1  BANK32  BANK33  BANK34  BANK35  BANK36  BANK37
   799 ;;      Params:         0       0       0       0       0       0       0       0       0       0       0       0       
      +0       0       0       0       0       0       0       0       0       0       0       0       0       0       0       
      +0       0       0       0       0       0       0
   800 ;;      Locals:         0       0       0       0       0       0       0       0       0       0       0       0       
      +0       0       0       0       0       0       0       0       0       0       0       0       0       0       0       
      +0       0       0       0       0       0       0
   801 ;;      Temps:          0       0       0       0       0       0       0       0       0       0       0       0       
      +0       0       0       0       0       0       0       0       0       0       0       0       0       0       0       
      +0       0       0       0       0       0       0
   802 ;;      Totals:         0       0       0       0       0       0       0       0       0       0       0       0       
      +0       0       0       0       0       0       0       0       0       0       0       0       0       0       0       
      +0       0       0       0       0       0       0
   803 ;;Total ram usage:        0 bytes
   804 ;; Hardware stack levels used:    1
   805 ;; This function calls:
   806 ;;		Nothing
   807 ;; This function is called by:
   808 ;;		_main
   809 ;; This function uses a non-reentrant model
   810 ;;
   811                           
   812                           	psect	text6
   813  01FE26                     __ptext6:
   814                           	callstack 0
   815  01FE26                     _GpioSetup:
   816                           	callstack 127
   817  01FE26                     
   818                           ;../encm369_pic18.c: 93:   TRISA = 0x00;
   819  01FE26  0E00               	movlw	0
   820  01FE28  6EC6               	movwf	198,c	;volatile
   821                           
   822                           ;../encm369_pic18.c: 94:   ANSELA = 0x00;
   823  01FE2A  0E00               	movlw	0
   824  01FE2C  0104               	movlb	4	; () banked
   825  01FE2E  6F00               	movwf	0,b	;volatile
   826                           
   827                           ;../encm369_pic18.c: 96:   TRISB = 0b0000001;
   828  01FE30  0E01               	movlw	1
   829  01FE32  6EC7               	movwf	199,c	;volatile
   830                           
   831                           ;../encm369_pic18.c: 97:   ANSELB = 0x00;
   832  01FE34  0E00               	movlw	0
   833  01FE36  6F08               	movwf	8,b	;volatile
   834                           
   835                           ;../encm369_pic18.c: 98:   PORTB = 0x00;
   836  01FE38  0E00               	movlw	0
   837  01FE3A  6ECF               	movwf	207,c	;volatile
   838                           
   839                           ;../encm369_pic18.c: 102:   DAC1CON = 0b10100000;
   840  01FE3C  0EA0               	movlw	160
   841  01FE3E  0100               	movlb	0	; () banked
   842  01FE40  6F7F               	movwf	127,b	;volatile
   843  01FE42                     
   844                           ; BSR set to: 0
   845  01FE42  0012               	return		;funcret
   846  01FE44                     __end_of_GpioSetup:
   847                           	callstack 0
   848                           
   849 ;; *************** function _ClockSetup *****************
   850 ;; Defined at:
   851 ;;		line 70 in file "../encm369_pic18.c"
   852 ;; Parameters:    Size  Location     Type
   853 ;;		None
   854 ;; Auto vars:     Size  Location     Type
   855 ;;		None
   856 ;; Return value:  Size  Location     Type
   857 ;;                  1    wreg      void 
   858 ;; Registers used:
   859 ;;		None
   860 ;; Tracked objects:
   861 ;;		On entry : 0/0
   862 ;;		On exit  : 0/0
   863 ;;		Unchanged: 0/0
   864 ;; Data sizes:     COMRAM   BANK5   BANK6   BANK7   BANK8   BANK9  BANK10  BANK11  BANK12  BANK13  BANK14  BANK15  BANK1
      +6  BANK17  BANK18  BANK19  BANK20  BANK21  BANK22  BANK23  BANK24  BANK25  BANK26  BANK27  BANK28  BANK29  BANK30  BANK3
      +1  BANK32  BANK33  BANK34  BANK35  BANK36  BANK37
   865 ;;      Params:         0       0       0       0       0       0       0       0       0       0       0       0       
      +0       0       0       0       0       0       0       0       0       0       0       0       0       0       0       
      +0       0       0       0       0       0       0
   866 ;;      Locals:         0       0       0       0       0       0       0       0       0       0       0       0       
      +0       0       0       0       0       0       0       0       0       0       0       0       0       0       0       
      +0       0       0       0       0       0       0
   867 ;;      Temps:          0       0       0       0       0       0       0       0       0       0       0       0       
      +0       0       0       0       0       0       0       0       0       0       0       0       0       0       0       
      +0       0       0       0       0       0       0
   868 ;;      Totals:         0       0       0       0       0       0       0       0       0       0       0       0       
      +0       0       0       0       0       0       0       0       0       0       0       0       0       0       0       
      +0       0       0       0       0       0       0
   869 ;;Total ram usage:        0 bytes
   870 ;; Hardware stack levels used:    1
   871 ;; This function calls:
   872 ;;		Nothing
   873 ;; This function is called by:
   874 ;;		_main
   875 ;; This function uses a non-reentrant model
   876 ;;
   877                           
   878                           	psect	text7
   879  01FDFA                     __ptext7:
   880                           	callstack 0
   881  01FDFA                     _ClockSetup:
   882                           	callstack 127
   883  01FDFA  0012               	return		;funcret
   884  01FDFC                     __end_of_ClockSetup:
   885                           	callstack 0
   886  0000                     
   887                           	psect	rparam
   888  0000                     
   889                           	psect	idloc
   890                           
   891                           ;Config register IDLOC0 @ 0x200000
   892                           ;	unspecified, using default values
   893  200000                     	org	2097152
   894  200000  0FFF               	dw	4095
   895                           
   896                           ;Config register IDLOC1 @ 0x200002
   897                           ;	unspecified, using default values
   898  200002                     	org	2097154
   899  200002  0FFF               	dw	4095
   900                           
   901                           ;Config register IDLOC2 @ 0x200004
   902                           ;	unspecified, using default values
   903  200004                     	org	2097156
   904  200004  0FFF               	dw	4095
   905                           
   906                           ;Config register IDLOC3 @ 0x200006
   907                           ;	unspecified, using default values
   908  200006                     	org	2097158
   909  200006  0FFF               	dw	4095
   910                           
   911                           ;Config register IDLOC4 @ 0x200008
   912                           ;	unspecified, using default values
   913  200008                     	org	2097160
   914  200008  0FFF               	dw	4095
   915                           
   916                           ;Config register IDLOC5 @ 0x20000A
   917                           ;	unspecified, using default values
   918  20000A                     	org	2097162
   919  20000A  0FFF               	dw	4095
   920                           
   921                           ;Config register IDLOC6 @ 0x20000C
   922                           ;	unspecified, using default values
   923  20000C                     	org	2097164
   924  20000C  0FFF               	dw	4095
   925                           
   926                           ;Config register IDLOC7 @ 0x20000E
   927                           ;	unspecified, using default values
   928  20000E                     	org	2097166
   929  20000E  0FFF               	dw	4095
   930                           
   931                           ;Config register IDLOC8 @ 0x200010
   932                           ;	unspecified, using default values
   933  200010                     	org	2097168
   934  200010  0FFF               	dw	4095
   935                           
   936                           ;Config register IDLOC9 @ 0x200012
   937                           ;	unspecified, using default values
   938  200012                     	org	2097170
   939  200012  0FFF               	dw	4095
   940                           
   941                           ;Config register IDLOC10 @ 0x200014
   942                           ;	unspecified, using default values
   943  200014                     	org	2097172
   944  200014  0FFF               	dw	4095
   945                           
   946                           ;Config register IDLOC11 @ 0x200016
   947                           ;	unspecified, using default values
   948  200016                     	org	2097174
   949  200016  0FFF               	dw	4095
   950                           
   951                           ;Config register IDLOC12 @ 0x200018
   952                           ;	unspecified, using default values
   953  200018                     	org	2097176
   954  200018  0FFF               	dw	4095
   955                           
   956                           ;Config register IDLOC13 @ 0x20001A
   957                           ;	unspecified, using default values
   958  20001A                     	org	2097178
   959  20001A  0FFF               	dw	4095
   960                           
   961                           ;Config register IDLOC14 @ 0x20001C
   962                           ;	unspecified, using default values
   963  20001C                     	org	2097180
   964  20001C  0FFF               	dw	4095
   965                           
   966                           ;Config register IDLOC15 @ 0x20001E
   967                           ;	unspecified, using default values
   968  20001E                     	org	2097182
   969  20001E  0FFF               	dw	4095
   970                           
   971                           	psect	config
   972                           
   973                           ;Config register CONFIG1 @ 0x300000
   974                           ;	External Oscillator Selection
   975                           ;	FEXTOSC = OFF, Oscillator not enabled
   976                           ;	Reset Oscillator Selection
   977                           ;	RSTOSC = HFINTOSC_64MHZ, HFINTOSC with HFFRQ = 64 MHz and CDIV = 1:1
   978  300000                     	org	3145728
   979  300000  8C                 	db	140
   980                           
   981                           ;Config register CONFIG2 @ 0x300001
   982                           ;	Clock out Enable bit
   983                           ;	CLKOUTEN = ON, CLKOUT function is enabled
   984                           ;	PRLOCKED One-Way Set Enable bit
   985                           ;	PR1WAY = ON, PRLOCKED bit can be cleared and set only once
   986                           ;	Clock Switch Enable bit
   987                           ;	CSWEN = ON, Writing to NOSC and NDIV is allowed
   988                           ;	Fail-Safe Clock Monitor Enable bit
   989                           ;	FCMEN = ON, Fail-Safe Clock Monitor enabled
   990  300001                     	org	3145729
   991  300001  FE                 	db	254
   992                           
   993                           ;Config register CONFIG3 @ 0x300002
   994                           ;	MCLR Enable bit
   995                           ;	MCLRE = EXTMCLR, If LVP = 0, MCLR pin is MCLR; If LVP = 1, RE3 pin function is MCLR
   996                           ;	Power-up timer selection bits
   997                           ;	PWRTS = PWRT_OFF, PWRT is disabled
   998                           ;	Multi-vector enable bit
   999                           ;	MVECEN = ON, Multi-vector enabled, Vector table used for interrupts
  1000                           ;	IVTLOCK bit One-way set enable bit
  1001                           ;	IVT1WAY = ON, IVTLOCKED bit can be cleared and set only once
  1002                           ;	Low Power BOR Enable bit
  1003                           ;	LPBOREN = OFF, Low-Power BOR disabled
  1004                           ;	Brown-out Reset Enable bits
  1005                           ;	BOREN = SBORDIS, Brown-out Reset enabled , SBOREN bit is ignored
  1006  300002                     	org	3145730
  1007  300002  FF                 	db	255
  1008                           
  1009                           ;Config register CONFIG4 @ 0x300003
  1010                           ;	Brown-out Reset Voltage Selection bits
  1011                           ;	BORV = VBOR_2P85, Brown-out Reset Voltage (VBOR) set to 2.8V
  1012                           ;	ZCD Disable bit
  1013                           ;	ZCD = OFF, ZCD module is disabled. ZCD can be enabled by setting the ZCDSEN bit of ZCD
      +                          CON
  1014                           ;	PPSLOCK bit One-Way Set Enable bit
  1015                           ;	PPS1WAY = ON, PPSLOCKED bit can be cleared and set only once; PPS registers remain loc
      +                          ked after one clear/set cycle
  1016                           ;	Stack Full/Underflow Reset Enable bit
  1017                           ;	STVREN = ON, Stack full/underflow will cause Reset
  1018                           ;	Low Voltage Programming Enable bit
  1019                           ;	LVP = ON, Low voltage programming enabled. MCLR/VPP pin function is MCLR. MCLRE config
      +                          uration bit is ignored
  1020                           ;	Extended Instruction Set Enable bit
  1021                           ;	XINST = OFF, Extended Instruction Set and Indexed Addressing Mode disabled
  1022  300003                     	org	3145731
  1023  300003  FC                 	db	252
  1024                           
  1025                           ;Config register CONFIG5 @ 0x300004
  1026                           ;	WDT Period selection bits
  1027                           ;	WDTCPS = WDTCPS_31, Divider ratio 1:65536; software control of WDTPS
  1028                           ;	WDT operating mode
  1029                           ;	WDTE = OFF, WDT Disabled; SWDTEN is ignored
  1030  300004                     	org	3145732
  1031  300004  9F                 	db	159
  1032                           
  1033                           ;Config register CONFIG6 @ 0x300005
  1034                           ;	WDT Window Select bits
  1035                           ;	WDTCWS = WDTCWS_7, window always open (100%); software control; keyed access not requi
      +                          red
  1036                           ;	WDT input clock selector
  1037                           ;	WDTCCS = SC, Software Control
  1038  300005                     	org	3145733
  1039  300005  FF                 	db	255
  1040                           
  1041                           ;Config register CONFIG7 @ 0x300006
  1042                           ;	Boot Block Size selection bits
  1043                           ;	BBSIZE = BBSIZE_512, Boot Block size is 512 words
  1044                           ;	Boot Block enable bit
  1045                           ;	BBEN = OFF, Boot block disabled
  1046                           ;	Storage Area Flash enable bit
  1047                           ;	SAFEN = OFF, SAF disabled
  1048                           ;	Background Debugger
  1049                           ;	DEBUG = OFF, Background Debugger disabled
  1050  300006                     	org	3145734
  1051  300006  FF                 	db	255
  1052                           
  1053                           ;Config register CONFIG8 @ 0x300007
  1054                           ;	Boot Block Write Protection bit
  1055                           ;	WRTB = OFF, Boot Block not Write protected
  1056                           ;	Configuration Register Write Protection bit
  1057                           ;	WRTC = OFF, Configuration registers not Write protected
  1058                           ;	Data EEPROM Write Protection bit
  1059                           ;	WRTD = OFF, Data EEPROM not Write protected
  1060                           ;	SAF Write protection bit
  1061                           ;	WRTSAF = OFF, SAF not Write Protected
  1062                           ;	Application Block write protection bit
  1063                           ;	WRTAPP = OFF, Application Block not write protected
  1064  300007                     	org	3145735
  1065  300007  FF                 	db	255
  1066                           
  1067                           ; Padding undefined space
  1068  300008                     	org	3145736
  1069  300008  FF                 	db	255
  1070                           
  1071                           ;Config register CONFIG10 @ 0x300009
  1072                           ;	PFM and Data EEPROM Code Protection bit
  1073                           ;	CP = OFF, PFM and Data EEPROM code protection disabled
  1074  300009                     	org	3145737
  1075  300009  FF                 	db	255
  1076                           tosu	equ	0x4FF
  1077                           tosh	equ	0x4FE
  1078                           tosl	equ	0x4FD
  1079                           stkptr	equ	0x4FC
  1080                           pclatu	equ	0x4FB
  1081                           pclath	equ	0x4FA
  1082                           pcl	equ	0x4F9
  1083                           tblptru	equ	0x4F8
  1084                           tblptrh	equ	0x4F7
  1085                           tblptrl	equ	0x4F6
  1086                           tablat	equ	0x4F5
  1087                           prodh	equ	0x4F4
  1088                           prodl	equ	0x4F3
  1089                           indf0	equ	0x4EF
  1090                           postinc0	equ	0x4EE
  1091                           postdec0	equ	0x4ED
  1092                           preinc0	equ	0x4EC
  1093                           plusw0	equ	0x4EB
  1094                           fsr0h	equ	0x4EA
  1095                           fsr0l	equ	0x4E9
  1096                           wreg	equ	0x4E8
  1097                           indf1	equ	0x4E7
  1098                           postinc1	equ	0x4E6
  1099                           postdec1	equ	0x4E5
  1100                           preinc1	equ	0x4E4
  1101                           plusw1	equ	0x4E3
  1102                           fsr1h	equ	0x4E2
  1103                           fsr1l	equ	0x4E1
  1104                           bsr	equ	0x4E0
  1105                           indf2	equ	0x4DF
  1106                           postinc2	equ	0x4DE
  1107                           postdec2	equ	0x4DD
  1108                           preinc2	equ	0x4DC
  1109                           plusw2	equ	0x4DB
  1110                           fsr2h	equ	0x4DA
  1111                           fsr2l	equ	0x4D9
  1112                           status	equ	0x4D8

Data Sizes:
    Strings     0
    Constant    0
    Data        256
    BSS         14
    Persistent  0
    Stack       0

Auto Spaces:
    Space          Size  Autos    Used
    COMRAM           95      4      18
    BANK5           160      0       0
    BANK6           256      0     256
    BANK7           256      0       0
    BANK8           256      0       0
    BANK9           256      0       0
    BANK10          256      0       0
    BANK11          256      0       0
    BANK12          256      0       0
    BANK13          256      0       0
    BANK14          256      0       0
    BANK15          256      0       0
    BANK16          256      0       0
    BANK17          256      0       0
    BANK18          256      0       0
    BANK19          256      0       0
    BANK20          256      0       0
    BANK21          256      0       0
    BANK22          256      0       0
    BANK23          256      0       0
    BANK24          256      0       0
    BANK25          256      0       0
    BANK26          256      0       0
    BANK27          256      0       0
    BANK28          256      0       0
    BANK29          256      0       0
    BANK30          256      0       0
    BANK31          256      0       0
    BANK32          256      0       0
    BANK33          256      0       0
    BANK34          256      0       0
    BANK35          256      0       0
    BANK36          256      0       0
    BANK37          256      0       0

Pointer List with Targets:

    None.

Critical Paths under _main in COMRAM

    _main->_TimeXMicroSeconds

Critical Paths under _main in BANK5

    None.

Critical Paths under _main in BANK6

    None.

Critical Paths under _main in BANK7

    None.

Critical Paths under _main in BANK8

    None.

Critical Paths under _main in BANK9

    None.

Critical Paths under _main in BANK10

    None.

Critical Paths under _main in BANK11

    None.

Critical Paths under _main in BANK12

    None.

Critical Paths under _main in BANK13

    None.

Critical Paths under _main in BANK14

    None.

Critical Paths under _main in BANK15

    None.

Critical Paths under _main in BANK16

    None.

Critical Paths under _main in BANK17

    None.

Critical Paths under _main in BANK18

    None.

Critical Paths under _main in BANK19

    None.

Critical Paths under _main in BANK20

    None.

Critical Paths under _main in BANK21

    None.

Critical Paths under _main in BANK22

    None.

Critical Paths under _main in BANK23

    None.

Critical Paths under _main in BANK24

    None.

Critical Paths under _main in BANK25

    None.

Critical Paths under _main in BANK26

    None.

Critical Paths under _main in BANK27

    None.

Critical Paths under _main in BANK28

    None.

Critical Paths under _main in BANK29

    None.

Critical Paths under _main in BANK30

    None.

Critical Paths under _main in BANK31

    None.

Critical Paths under _main in BANK32

    None.

Critical Paths under _main in BANK33

    None.

Critical Paths under _main in BANK34

    None.

Critical Paths under _main in BANK35

    None.

Critical Paths under _main in BANK36

    None.

Critical Paths under _main in BANK37

    None.

Call Graph Tables:

 ---------------------------------------------------------------------------------
 (Depth) Function   	        Calls       Base Space   Used Autos Params    Refs
 ---------------------------------------------------------------------------------
 (0) _main                                                 0     0      0     143
                         _ClockSetup
                          _GpioSetup
                       _SysTickSetup
                        _SystemSleep
                  _TimeXMicroSeconds
                  _UserAppInitialize
                         _UserAppRun
 ---------------------------------------------------------------------------------
 (1) _UserAppRun                                           0     0      0       0
 ---------------------------------------------------------------------------------
 (1) _UserAppInitialize                                    0     0      0       0
 ---------------------------------------------------------------------------------
 (1) _TimeXMicroSeconds                                    4     2      2     143
                                              0 COMRAM     4     2      2
 ---------------------------------------------------------------------------------
 (1) _SystemSleep                                          0     0      0       0
 ---------------------------------------------------------------------------------
 (1) _SysTickSetup                                         0     0      0       0
 ---------------------------------------------------------------------------------
 (1) _GpioSetup                                            0     0      0       0
 ---------------------------------------------------------------------------------
 (1) _ClockSetup                                           0     0      0       0
 ---------------------------------------------------------------------------------
 Estimated maximum stack depth 1
 ---------------------------------------------------------------------------------

 Call Graph Graphs:

 _main (ROOT)
   _ClockSetup
   _GpioSetup
   _SysTickSetup
   _SystemSleep
   _TimeXMicroSeconds
   _UserAppInitialize
   _UserAppRun

 Address spaces:
Name               Size   Autos  Total    Cost      Usage
BIGRAM            20FF      0       0      71        0.0%
EEDATA             400      0       0       0        0.0%
BITBANK37          100      0       0      70        0.0%
BANK37             100      0       0      68        0.0%
BITBANK36          100      0       0      66        0.0%
BANK36             100      0       0      67        0.0%
BITBANK35          100      0       0      64        0.0%
BANK35             100      0       0      65        0.0%
BITBANK34          100      0       0      62        0.0%
BANK34             100      0       0      63        0.0%
BITBANK33          100      0       0      60        0.0%
BANK33             100      0       0      61        0.0%
BITBANK32          100      0       0      58        0.0%
BANK32             100      0       0      59        0.0%
BITBANK31          100      0       0      56        0.0%
BANK31             100      0       0      57        0.0%
BITBANK30          100      0       0      54        0.0%
BANK30             100      0       0      55        0.0%
BITBANK29          100      0       0      52        0.0%
BANK29             100      0       0      53        0.0%
BITBANK28          100      0       0      50        0.0%
BANK28             100      0       0      51        0.0%
BITBANK27          100      0       0      48        0.0%
BANK27             100      0       0      49        0.0%
BITBANK26          100      0       0      46        0.0%
BANK26             100      0       0      47        0.0%
BITBANK25          100      0       0      44        0.0%
BANK25             100      0       0      45        0.0%
BITBANK24          100      0       0      42        0.0%
BANK24             100      0       0      43        0.0%
BITBANK23          100      0       0      40        0.0%
BANK23             100      0       0      41        0.0%
BITBANK22          100      0       0      38        0.0%
BANK22             100      0       0      39        0.0%
BITBANK21          100      0       0      36        0.0%
BANK21             100      0       0      37        0.0%
BITBANK20          100      0       0      34        0.0%
BANK20             100      0       0      35        0.0%
BITBANK19          100      0       0      32        0.0%
BANK19             100      0       0      33        0.0%
BITBANK18          100      0       0      30        0.0%
BANK18             100      0       0      31        0.0%
BITBANK17          100      0       0      28        0.0%
BANK17             100      0       0      29        0.0%
BITBANK16          100      0       0      26        0.0%
BANK16             100      0       0      27        0.0%
BITBANK15          100      0       0      24        0.0%
BANK15             100      0       0      25        0.0%
BITBANK14          100      0       0      22        0.0%
BANK14             100      0       0      23        0.0%
BITBANK13          100      0       0      20        0.0%
BANK13             100      0       0      21        0.0%
BITBANK12          100      0       0      18        0.0%
BANK12             100      0       0      19        0.0%
BITBANK11          100      0       0      16        0.0%
BANK11             100      0       0      17        0.0%
BITBANK10          100      0       0      14        0.0%
BANK10             100      0       0      15        0.0%
BITBANK9           100      0       0      12        0.0%
BANK9              100      0       0      13        0.0%
BITBANK8           100      0       0      10        0.0%
BANK8              100      0       0      11        0.0%
BITBANK7           100      0       0       8        0.0%
BANK7              100      0       0       9        0.0%
BITBANK6           100      0       0       6        0.0%
BANK6              100      0     100       7      100.0%
BITBANK5            A0      0       0       4        0.0%
BANK5               A0      0       0       5        0.0%
BITCOMRAM           5F      0       0       0        0.0%
COMRAM              5F      4      12       1       18.9%
BITSFR_5             0      0       0     200        0.0%
SFR_5                0      0       0     200        0.0%
BITSFR_4             0      0       0     200        0.0%
SFR_4                0      0       0     200        0.0%
BITSFR_3             0      0       0     200        0.0%
SFR_3                0      0       0     200        0.0%
BITSFR_2             0      0       0     200        0.0%
SFR_2                0      0       0     200        0.0%
BITSFR_1             0      0       0     200        0.0%
SFR_1                0      0       0     200        0.0%
BITSFR               0      0       0     200        0.0%
SFR                  0      0       0     200        0.0%
STACK                0      0       0       2        0.0%
NULL                 0      0       0       0        0.0%
ABS                  0      0     112      69        0.0%
DATA                 0      0     112       3        0.0%
CODE                 0      0       0       0        0.0%


Microchip Technology PIC18 Macro Assembler V2.31 build 20201012212115 
Symbol Table                                                                                   Wed Mar 31 19:34:26 2021

          __size_of_SysTickSetup 0022                               l22 FE42  
                             l25 FE64                               l19 FDFA  
                             l28 FDFC                               l83 FE24  
                             l94 FE86                               l78 FE0C  
                             u20 FEF0                               u21 FEEC  
              _TimeXMicroSeconds FE66               ?_TimeXMicroSeconds 050F  
                            l820 FE7A                              l814 FE44  
                            l822 FE7E                              l830 FEC0  
                            l824 FE82                              l816 FE66  
                            l840 FED4                              l832 FEC4  
                            l770 FE26                              l818 FE74  
                            l842 FEE0                              l834 FEC8  
                            l780 FE0E                              l844 FEF0  
                            l836 FECC                              l828 FEBE  
                            l774 FDFE                              l782 FE20  
                            l838 FED0                              l776 FE08  
                            l778 FE0A                              wreg 0004E8  
            ??_TimeXMicroSeconds 0511                             _PIR3 0004B1  
                           _main FEBE                     _SysTickSetup FE44  
                           fsr1h 0004E2                             indf2 0004DF  
                           fsr1l 0004E1                             fsr2l 0004D9  
                           start FFFC             __size_of_SystemSleep 0002  
                   ___param_bank 000000        __end_of_TimeXMicroSeconds FE88  
                     _ClockSetup FDFA          UserAppRun@u8ThatIndexer 050D  
                          ?_main 050F                            _TMR0H 000319  
                          _TMR0L 000318                            _PORTB 0004CF  
                          _TRISA 0004C6                            _TRISB 0004C7  
                          tablat 0004F5         TimeXMicroSeconds@u16Time 0511  
                __initialization FE88                     __end_of_main FEFC  
                         ??_main 0513                    __activetblptr 000000  
                         _ANSELA 000400                           _ANSELB 000408  
                         _T0CON0 00031A                           _T0CON1 00031B  
             __size_of_GpioSetup 001E       __size_of_TimeXMicroSeconds 0022  
                    ?_ClockSetup 050F                           clear_0 FEB2  
                         tblptrh 0004F7                           tblptrl 0004F6  
                         tblptru 0004F8                       _UserAppRun FE0E  
                     __accesstop 0560          __end_of__initialization FEB8  
                  ___rparam_used 000001                 _G_u8UserAppFlags 050E  
                 __pcstackCOMRAM 050F                     __pidataBANK6 FEFC  
              __end_of_GpioSetup FE44              __size_of_ClockSetup 0002  
                        _DAC1CON 00007F                      ?_UserAppRun 050F  
                  ??_SystemSleep 050F                          __Hparam 0000  
                        __Lparam 0000                          __pcinit FE88  
                        __ramtop 2600                          __ptext0 FEBE  
                        __ptext1 FE0E                          __ptext2 FDFE  
                        __ptext3 FE66                          __ptext4 FDFC  
                        __ptext5 FE44                          __ptext6 FE26  
                        __ptext7 FDFA             end_of_initialization FEB8  
               _G_u32SystemFlags 0501                          postdec1 0004E5  
                        postinc0 0004EE              __end_of_SystemSleep FDFE  
                   ??_ClockSetup 050F              __size_of_UserAppRun 0018  
TimeXMicroSeconds@u16DesiredTime 050F               __end_of_ClockSetup FDFC  
                      _GpioSetup FE26              start_initialization FE88  
                  ?_SysTickSetup 050F                      _SystemSleep FDFC  
                    __pdataBANK6 0600                       ?_GpioSetup 050F  
                    __pbssCOMRAM 0501                _UserAppInitialize FDFE  
                   ??_UserAppRun 050F               ?_UserAppInitialize 050F  
                 ??_SysTickSetup 050F              ??_UserAppInitialize 050F  
             __end_of_UserAppRun FE26                         _DAC1DATL 00007D  
      __end_of_UserAppInitialize FE0E                      ??_GpioSetup 050F  
                      copy_data0 FE9C                         __Hrparam 0000  
                       __Lrparam 0000             __end_of_SysTickSetup FE66  
     __size_of_UserAppInitialize 0010                    __size_of_main 003E  
                   ?_SystemSleep 050F              _UserApp_au8SinTable 0600  
             _G_u32SystemTime1ms 0509                _G_u32SystemTime1s 0505  
