

Microchip MPLAB XC8 Assembler V2.31 build 20201012212115 
                                                                                               Wed Mar 03 06:36:57 2021

Microchip MPLAB XC8 C Compiler v2.31 (Free license) build 20201012212115 Og1 
     1                           	processor	18F27Q43
     2                           	fnconf	rparam,??,?,0
     3                           	pagewidth 120
     4                           	opt	flic
     5                           	psect	idataCOMRAM,global,class=CODE,delta=1,noexec
     6                           	psect	cinit,global,reloc=2,class=CODE,delta=1
     7                           	psect	bssCOMRAM,global,class=COMRAM,space=1,delta=1,lowdata,noexec
     8                           	psect	dataCOMRAM,global,class=COMRAM,space=1,delta=1,lowdata,noexec
     9                           	psect	cstackCOMRAM,global,class=COMRAM,space=1,delta=1,lowdata,noexec
    10                           	psect	text0,global,reloc=2,class=CODE,delta=1
    11                           	psect	text1,global,reloc=2,class=CODE,delta=1
    12                           	psect	text2,global,reloc=2,class=CODE,delta=1
    13                           	psect	text3,global,reloc=2,class=CODE,delta=1
    14                           	psect	text4,global,reloc=2,class=CODE,delta=1
    15                           	psect	text5,global,reloc=2,class=CODE,delta=1
    16                           	psect	text6,global,reloc=2,class=CODE,delta=1
    17                           	psect	text7,global,reloc=2,class=CODE,delta=1
    18                           	psect	intsave_regs,global,class=BIGRAM,space=1,delta=1,noexec
    19                           	psect	rparam,global,class=COMRAM,space=1,delta=1,noexec
    20                           	psect	idloc,global,abs,ovrld,class=IDLOC,space=5,delta=1,noexec
    21                           	psect	config,global,abs,ovrld,class=CONFIG,space=4,delta=1,noexec
    22  0000                     
    23                           ; Version 2.30
    24                           ; Generated 20/08/2020 GMT
    25                           ; 
    26                           ; Copyright © 2020, Microchip Technology Inc. and its subsidiaries ("Microchip")
    27                           ; All rights reserved.
    28                           ; 
    29                           ; This software is developed by Microchip Technology Inc. and its subsidiaries ("Microch
      +                          ip").
    30                           ; 
    31                           ; Redistribution and use in source and binary forms, with or without modification, are
    32                           ; permitted provided that the following conditions are met:
    33                           ; 
    34                           ;     1. Redistributions of source code must retain the above copyright notice, this lis
      +                          t of
    35                           ;        conditions and the following disclaimer.
    36                           ; 
    37                           ;     2. Redistributions in binary form must reproduce the above copyright notice, this 
      +                          list
    38                           ;        of conditions and the following disclaimer in the documentation and/or other
    39                           ;        materials provided with the distribution. Publication is not required when
    40                           ;        this file is used in an embedded application.
    41                           ; 
    42                           ;     3. Microchip's name may not be used to endorse or promote products derived from th
      +                          is
    43                           ;        software without specific prior written permission.
    44                           ; 
    45                           ; THIS SOFTWARE IS PROVIDED BY MICROCHIP "AS IS" AND ANY EXPRESS OR IMPLIED WARRANTIES,
    46                           ; INCLUDING, BUT NOT LIMITED TO, THE IMPLIED WARRANTIES OF MERCHANTABILITY AND FITNESS F
      +                          OR
    47                           ; PURPOSE ARE DISCLAIMED.  IN NO EVENT SHALL MICROCHIP BE LIABLE FOR ANY DIRECT, INDIREC
      +                          T,
    48                           ; INCIDENTAL, SPECIAL, EXEMPLARY, OR CONSEQUENTIAL DAMAGES (INCLUDING BUT NOT LIMITED TO
    49                           ; PROCUREMENT OF SUBSTITUTE GOODS OR SERVICES; LOSS OF USE, DATA OR PROFITS; OR BUSINESS
    50                           ; INTERRUPTION) HOWSOEVER CAUSED AND ON ANY THEORY OF LIABILITY, WHETHER IN CONTRACT, ST
      +                          RICT
    51                           ; LIABILITY, OR TORT (INCLUDING NEGLIGENCE OR OTHERWISE) ARISING IN ANY WAY OUT OF THE U
      +                          SE OF
    52                           ; THIS SOFTWARE, EVEN IF ADVISED OF THE POSSIBILITY OF SUCH DAMAGE.
    53                           ; 
    54                           ; 
    55                           ; Code-generator required, PIC18F27Q43 Definitions
    56                           ; 
    57                           ; SFR Addresses
    58  0000                     
    59                           	psect	idataCOMRAM
    60  01FE88                     __pidataCOMRAM:
    61                           	callstack 0
    62                           
    63                           ;initializer for UserAppRun@F15926
    64  01FE88  3F                 	db	63
    65  01FE89  0C                 	db	12
    66  01FE8A  12                 	db	18
    67  01FE8B  33                 	db	51
    68  01FE8C  1E                 	db	30
    69  01FE8D  0C                 	db	12
    70  0000                     _TMR0H	set	793
    71  0000                     _TMR0L	set	792
    72  0000                     _T0CON1	set	795
    73  0000                     _T0CON0	set	794
    74  0000                     _ANSELA	set	1024
    75  0000                     _ANSELB	set	1032
    76  0000                     _PIR3	set	1201
    77  0000                     _LATA	set	1214
    78  0000                     _TRISA	set	1222
    79  0000                     _PORTB	set	1231
    80  0000                     _TRISB	set	1223
    81                           
    82                           ; #config settings
    83                           
    84                           	psect	cinit
    85  01FEE0                     __pcinit:
    86                           	callstack 0
    87  01FEE0                     start_initialization:
    88                           	callstack 0
    89  01FEE0                     __initialization:
    90                           	callstack 0
    91                           
    92                           ; Initialize objects allocated to COMRAM (6 bytes)
    93                           ; load TBLPTR registers with __pidataCOMRAM
    94  01FEE0  0E88               	movlw	low __pidataCOMRAM
    95  01FEE2  6EF6               	movwf	tblptrl,c
    96  01FEE4  0EFE               	movlw	high __pidataCOMRAM
    97  01FEE6  6EF7               	movwf	tblptrh,c
    98  01FEE8  0E01               	movlw	low (__pidataCOMRAM shr (0+16))
    99  01FEEA  6EF8               	movwf	tblptru,c
   100  01FEEC  EE01  F11C         	lfsr	0,__pdataCOMRAM
   101  01FEF0  EE10 F006          	lfsr	1,6
   102  01FEF4                     copy_data0:
   103  01FEF4  0009               	tblrd		*+
   104  01FEF6  C4F5 F4EE          	movff	tablat,postinc0
   105  01FEFA  50E5               	movf	postdec1,w,c
   106  01FEFC  50E1               	movf	fsr1l,w,c
   107  01FEFE  E1FA               	bnz	copy_data0
   108                           
   109                           ; Clear objects allocated to COMRAM (19 bytes)
   110  01FF00  EE01  F101         	lfsr	0,__pbssCOMRAM
   111  01FF04  0E13               	movlw	19
   112  01FF06                     clear_0:
   113  01FF06  6AEE               	clrf	postinc0,c
   114  01FF08  06E8               	decf	wreg,f,c
   115  01FF0A  E1FD               	bnz	clear_0
   116  01FF0C                     end_of_initialization:
   117                           	callstack 0
   118  01FF0C                     __end_of__initialization:
   119                           	callstack 0
   120  01FF0C  0100               	movlb	0
   121  01FF0E  EFA3  F0FF         	goto	_main	;jump to C main() function
   122                           
   123                           	psect	bssCOMRAM
   124  000501                     __pbssCOMRAM:
   125                           	callstack 0
   126  000501                     _G_u32SystemFlags:
   127                           	callstack 0
   128  000501                     	ds	4
   129  000505                     _G_u32SystemTime1s:
   130                           	callstack 0
   131  000505                     	ds	4
   132  000509                     _G_u32SystemTime1ms:
   133                           	callstack 0
   134  000509                     	ds	4
   135  00050D                     UserAppRun@u16PowerSwitch:
   136                           	callstack 0
   137  00050D                     	ds	2
   138  00050F                     UserAppRun@u16LightPatternIncrementer:
   139                           	callstack 0
   140  00050F                     	ds	2
   141  000511                     UserAppRun@u16Counter:
   142                           	callstack 0
   143  000511                     	ds	2
   144  000513                     _G_u8UserAppFlags:
   145                           	callstack 0
   146  000513                     	ds	1
   147                           
   148                           	psect	dataCOMRAM
   149  00051C                     __pdataCOMRAM:
   150                           	callstack 0
   151  00051C                     UserAppRun@F15926:
   152                           	callstack 0
   153  00051C                     	ds	6
   154                           
   155                           	psect	cstackCOMRAM
   156  000514                     __pcstackCOMRAM:
   157                           	callstack 0
   158  000514                     TimeXMicroSeconds@u16DesiredTime:
   159                           	callstack 0
   160  000514                     UserAppRun@au8LightPatterns:
   161                           	callstack 0
   162                           
   163                           ; 6 bytes @ 0x0
   164  000514                     	ds	2
   165  000516                     
   166                           ; 1 bytes @ 0x2
   167  000516                     	ds	2
   168  000518                     TimeXMicroSeconds@u16Time:
   169                           	callstack 0
   170                           
   171                           ; 2 bytes @ 0x4
   172  000518                     	ds	3
   173  00051B                     UserAppRun@u8TempForLata:
   174                           	callstack 0
   175                           
   176                           ; 1 bytes @ 0x7
   177  00051B                     	ds	1
   178  00051C                     
   179                           ; 1 bytes @ 0x8
   180 ;;
   181 ;;Main: autosize = 0, tempsize = 0, incstack = 0, save=0
   182 ;;
   183 ;; *************** function _main *****************
   184 ;; Defined at:
   185 ;;		line 35 in file "../main.c"
   186 ;; Parameters:    Size  Location     Type
   187 ;;		None
   188 ;; Auto vars:     Size  Location     Type
   189 ;;		None
   190 ;; Return value:  Size  Location     Type
   191 ;;                  1    wreg      void 
   192 ;; Registers used:
   193 ;;		wreg, fsr1l, fsr1h, fsr2l, fsr2h, status,2, status,0, cstack
   194 ;; Tracked objects:
   195 ;;		On entry : 0/0
   196 ;;		On exit  : 0/0
   197 ;;		Unchanged: 0/0
   198 ;; Data sizes:     COMRAM   BANK5   BANK6   BANK7   BANK8   BANK9  BANK10  BANK11  BANK12  BANK13  BANK14  BANK15  BANK1
      +6  BANK17  BANK18  BANK19  BANK20  BANK21  BANK22  BANK23  BANK24  BANK25  BANK26  BANK27  BANK28  BANK29  BANK30  BANK3
      +1  BANK32  BANK33  BANK34  BANK35  BANK36  BANK37
   199 ;;      Params:         0       0       0       0       0       0       0       0       0       0       0       0       
      +0       0       0       0       0       0       0       0       0       0       0       0       0       0       0       
      +0       0       0       0       0       0       0
   200 ;;      Locals:         0       0       0       0       0       0       0       0       0       0       0       0       
      +0       0       0       0       0       0       0       0       0       0       0       0       0       0       0       
      +0       0       0       0       0       0       0
   201 ;;      Temps:          0       0       0       0       0       0       0       0       0       0       0       0       
      +0       0       0       0       0       0       0       0       0       0       0       0       0       0       0       
      +0       0       0       0       0       0       0
   202 ;;      Totals:         0       0       0       0       0       0       0       0       0       0       0       0       
      +0       0       0       0       0       0       0       0       0       0       0       0       0       0       0       
      +0       0       0       0       0       0       0
   203 ;;Total ram usage:        0 bytes
   204 ;; Hardware stack levels required when called:    1
   205 ;; This function calls:
   206 ;;		_ClockSetup
   207 ;;		_GpioSetup
   208 ;;		_SysTickSetup
   209 ;;		_SystemSleep
   210 ;;		_TimeXMicroSeconds
   211 ;;		_UserAppInitialize
   212 ;;		_UserAppRun
   213 ;; This function is called by:
   214 ;;		Startup code after reset
   215 ;; This function uses a non-reentrant model
   216 ;;
   217                           
   218                           	psect	text0
   219  01FF46                     __ptext0:
   220                           	callstack 0
   221  01FF46                     _main:
   222                           	callstack 127
   223  01FF46                     
   224                           ;../main.c: 37:   G_u32SystemFlags |= (u32)0x80000000;
   225  01FF46  8E04               	bsf	(_G_u32SystemFlags+3)^(0+1280),7,c	;volatile
   226  01FF48                     
   227                           ;../main.c: 40:   ClockSetup();
   228  01FF48  EC42  F0FF         	call	_ClockSetup	;wreg free
   229  01FF4C                     
   230                           ;../main.c: 41:   SysTickSetup();
   231  01FF4C  EC5F  F0FF         	call	_SysTickSetup	;wreg free
   232  01FF50                     
   233                           ;../main.c: 42:   GpioSetup();
   234  01FF50  EC51  F0FF         	call	_GpioSetup	;wreg free
   235  01FF54                     
   236                           ;../main.c: 47:   UserAppInitialize();
   237  01FF54  EC47  F0FF         	call	_UserAppInitialize	;wreg free
   238  01FF58                     l901:
   239                           
   240                           ;../main.c: 53:   {;../main.c: 60:     UserAppRun();
   241  01FF58  ECC2  F0FF         	call	_UserAppRun	;wreg free
   242  01FF5C                     
   243                           ;../main.c: 66:     SystemSleep();
   244  01FF5C  EC43  F0FF         	call	_SystemSleep	;wreg free
   245  01FF60                     
   246                           ;../main.c: 67:     TimeXMicroSeconds(1000);
   247  01FF60  0E03               	movlw	3
   248  01FF62  6E15               	movwf	(TimeXMicroSeconds@u16DesiredTime+1)^(0+1280),c
   249  01FF64  0EE8               	movlw	232
   250  01FF66  6E14               	movwf	TimeXMicroSeconds@u16DesiredTime^(0+1280),c
   251  01FF68  EC89  F0FF         	call	_TimeXMicroSeconds	;wreg free
   252  01FF6C                     l907:
   253                           
   254                           ;../main.c: 69:     while(PIR3 <= 0b01111111)
   255  01FF6C  0E7F               	movlw	127
   256  01FF6E  64B1               	cpfsgt	177,c	;volatile
   257  01FF70  EFBC  F0FF         	goto	u71
   258  01FF74  EFBE  F0FF         	goto	u70
   259  01FF78                     u71:
   260  01FF78  EFB6  F0FF         	goto	l907
   261  01FF7C                     u70:
   262  01FF7C  EFAC  F0FF         	goto	l901
   263  01FF80  EFFE  F0FF         	goto	start
   264  01FF84                     __end_of_main:
   265                           	callstack 0
   266                           
   267 ;; *************** function _UserAppRun *****************
   268 ;; Defined at:
   269 ;;		line 102 in file "../user_app.c"
   270 ;; Parameters:    Size  Location     Type
   271 ;;		None
   272 ;; Auto vars:     Size  Location     Type
   273 ;;  au8LightPatt    6    0[COMRAM] unsigned char [6]
   274 ;;  u8TempForLat    1    7[COMRAM] unsigned char 
   275 ;;  u8YesIWouldL    1    0        unsigned char 
   276 ;; Return value:  Size  Location     Type
   277 ;;                  1    wreg      void 
   278 ;; Registers used:
   279 ;;		wreg, fsr1l, fsr1h, fsr2l, fsr2h, status,2, status,0
   280 ;; Tracked objects:
   281 ;;		On entry : 0/0
   282 ;;		On exit  : 0/0
   283 ;;		Unchanged: 0/0
   284 ;; Data sizes:     COMRAM   BANK5   BANK6   BANK7   BANK8   BANK9  BANK10  BANK11  BANK12  BANK13  BANK14  BANK15  BANK1
      +6  BANK17  BANK18  BANK19  BANK20  BANK21  BANK22  BANK23  BANK24  BANK25  BANK26  BANK27  BANK28  BANK29  BANK30  BANK3
      +1  BANK32  BANK33  BANK34  BANK35  BANK36  BANK37
   285 ;;      Params:         0       0       0       0       0       0       0       0       0       0       0       0       
      +0       0       0       0       0       0       0       0       0       0       0       0       0       0       0       
      +0       0       0       0       0       0       0
   286 ;;      Locals:         8       0       0       0       0       0       0       0       0       0       0       0       
      +0       0       0       0       0       0       0       0       0       0       0       0       0       0       0       
      +0       0       0       0       0       0       0
   287 ;;      Temps:          0       0       0       0       0       0       0       0       0       0       0       0       
      +0       0       0       0       0       0       0       0       0       0       0       0       0       0       0       
      +0       0       0       0       0       0       0
   288 ;;      Totals:         8       0       0       0       0       0       0       0       0       0       0       0       
      +0       0       0       0       0       0       0       0       0       0       0       0       0       0       0       
      +0       0       0       0       0       0       0
   289 ;;Total ram usage:        8 bytes
   290 ;; Hardware stack levels used:    1
   291 ;; This function calls:
   292 ;;		Nothing
   293 ;; This function is called by:
   294 ;;		_main
   295 ;; This function uses a non-reentrant model
   296 ;;
   297                           
   298                           	psect	text1
   299  01FF84                     __ptext1:
   300                           	callstack 0
   301  01FF84                     _UserAppRun:
   302                           	callstack 127
   303  01FF84                     
   304                           ;../user_app.c: 113:     u8 au8LightPatterns[] = {0b00111111, 0b00001100, 0b00010010, 0b
      +                          00110011, 0b000011110,0b00001100};
   305  01FF84  EE21  F11C         	lfsr	2,UserAppRun@F15926
   306  01FF88  EE11  F114         	lfsr	1,UserAppRun@au8LightPatterns
   307  01FF8C  0E05               	movlw	5
   308  01FF8E                     u11:
   309  01FF8E  C4DB F4E3          	movff	plusw2,plusw1
   310  01FF92  06E8               	decf	wreg,f,c
   311  01FF94  E2FC               	bc	u11
   312  01FF96                     
   313                           ;../user_app.c: 146:     {;../user_app.c: 147:         u16Counter++;
   314  01FF96  4A11               	infsnz	UserAppRun@u16Counter^(0+1280),f,c
   315  01FF98  2A12               	incf	(UserAppRun@u16Counter+1)^(0+1280),f,c
   316  01FF9A                     
   317                           ;../user_app.c: 150:     if(u16Counter == 500)
   318  01FF9A  0EF4               	movlw	244
   319  01FF9C  1811               	xorwf	UserAppRun@u16Counter^(0+1280),w,c
   320  01FF9E  E106               	bnz	u21
   321  01FFA0  0412               	decf	(UserAppRun@u16Counter+1)^(0+1280),w,c
   322  01FFA2  A4D8               	btfss	status,2,c
   323  01FFA4  EFD6  F0FF         	goto	u21
   324  01FFA8  EFD8  F0FF         	goto	u20
   325  01FFAC                     u21:
   326  01FFAC  EFFD  F0FF         	goto	l96
   327  01FFB0                     u20:
   328  01FFB0                     
   329                           ;../user_app.c: 151:     {;../user_app.c: 153:        u8TempForLata = 0x0;
   330  01FFB0  0E00               	movlw	0
   331  01FFB2  6E1B               	movwf	UserAppRun@u8TempForLata^(0+1280),c
   332  01FFB4                     
   333                           ;../user_app.c: 154:        u8TempForLata = u8TempForLata | LATA;
   334  01FFB4  501B               	movf	UserAppRun@u8TempForLata^(0+1280),w,c
   335  01FFB6  10BE               	iorwf	190,w,c	;volatile
   336  01FFB8  6E1B               	movwf	UserAppRun@u8TempForLata^(0+1280),c
   337  01FFBA                     
   338                           ;../user_app.c: 156:        u8TempForLata ^= au8LightPatterns[u16LightPatternIncrementer
      +                          ];
   339  01FFBA  0E14               	movlw	low UserAppRun@au8LightPatterns
   340  01FFBC  240F               	addwf	UserAppRun@u16LightPatternIncrementer^(0+1280),w,c
   341  01FFBE  6ED9               	movwf	fsr2l,c
   342  01FFC0  0E05               	movlw	high UserAppRun@au8LightPatterns
   343  01FFC2  2010               	addwfc	(UserAppRun@u16LightPatternIncrementer+1)^(0+1280),w,c
   344  01FFC4  6EDA               	movwf	fsr2h,c
   345  01FFC6  50DF               	movf	indf2,w,c
   346  01FFC8  1A1B               	xorwf	UserAppRun@u8TempForLata^(0+1280),f,c
   347  01FFCA                     
   348                           ;../user_app.c: 158:        LATA = u8TempForLata;
   349  01FFCA  0061  F46C  F4BE   	movff	UserAppRun@u8TempForLata,1214	;volatile
   350  01FFD0                     
   351                           ;../user_app.c: 160:         u16LightPatternIncrementer++;
   352  01FFD0  4A0F               	infsnz	UserAppRun@u16LightPatternIncrementer^(0+1280),f,c
   353  01FFD2  2A10               	incf	(UserAppRun@u16LightPatternIncrementer+1)^(0+1280),f,c
   354  01FFD4                     
   355                           ;../user_app.c: 162:         if(u16LightPatternIncrementer >= 6)
   356  01FFD4  5010               	movf	(UserAppRun@u16LightPatternIncrementer+1)^(0+1280),w,c
   357  01FFD6  E109               	bnz	u30
   358  01FFD8  0E06               	movlw	6
   359  01FFDA  5C0F               	subwf	UserAppRun@u16LightPatternIncrementer^(0+1280),w,c
   360  01FFDC  A0D8               	btfss	status,0,c
   361  01FFDE  EFF3  F0FF         	goto	u31
   362  01FFE2  EFF5  F0FF         	goto	u30
   363  01FFE6                     u31:
   364  01FFE6  EFF9  F0FF         	goto	l95
   365  01FFEA                     u30:
   366  01FFEA                     
   367                           ;../user_app.c: 163:         {;../user_app.c: 164:             u16LightPatternIncremente
      +                          r = 0x00;
   368  01FFEA  0E00               	movlw	0
   369  01FFEC  6E10               	movwf	(UserAppRun@u16LightPatternIncrementer+1)^(0+1280),c
   370  01FFEE  0E00               	movlw	0
   371  01FFF0  6E0F               	movwf	UserAppRun@u16LightPatternIncrementer^(0+1280),c
   372  01FFF2                     l95:
   373                           
   374                           ;../user_app.c: 167:         u16Counter = 0;
   375  01FFF2  0E00               	movlw	0
   376  01FFF4  6E12               	movwf	(UserAppRun@u16Counter+1)^(0+1280),c
   377  01FFF6  0E00               	movlw	0
   378  01FFF8  6E11               	movwf	UserAppRun@u16Counter^(0+1280),c
   379  01FFFA                     l96:
   380  01FFFA  0012               	return		;funcret
   381  01FFFC                     __end_of_UserAppRun:
   382                           	callstack 0
   383                           
   384 ;; *************** function _UserAppInitialize *****************
   385 ;; Defined at:
   386 ;;		line 76 in file "../user_app.c"
   387 ;; Parameters:    Size  Location     Type
   388 ;;		None
   389 ;; Auto vars:     Size  Location     Type
   390 ;;		None
   391 ;; Return value:  Size  Location     Type
   392 ;;                  1    wreg      void 
   393 ;; Registers used:
   394 ;;		wreg, status,2
   395 ;; Tracked objects:
   396 ;;		On entry : 0/0
   397 ;;		On exit  : 0/0
   398 ;;		Unchanged: 0/0
   399 ;; Data sizes:     COMRAM   BANK5   BANK6   BANK7   BANK8   BANK9  BANK10  BANK11  BANK12  BANK13  BANK14  BANK15  BANK1
      +6  BANK17  BANK18  BANK19  BANK20  BANK21  BANK22  BANK23  BANK24  BANK25  BANK26  BANK27  BANK28  BANK29  BANK30  BANK3
      +1  BANK32  BANK33  BANK34  BANK35  BANK36  BANK37
   400 ;;      Params:         0       0       0       0       0       0       0       0       0       0       0       0       
      +0       0       0       0       0       0       0       0       0       0       0       0       0       0       0       
      +0       0       0       0       0       0       0
   401 ;;      Locals:         0       0       0       0       0       0       0       0       0       0       0       0       
      +0       0       0       0       0       0       0       0       0       0       0       0       0       0       0       
      +0       0       0       0       0       0       0
   402 ;;      Temps:          0       0       0       0       0       0       0       0       0       0       0       0       
      +0       0       0       0       0       0       0       0       0       0       0       0       0       0       0       
      +0       0       0       0       0       0       0
   403 ;;      Totals:         0       0       0       0       0       0       0       0       0       0       0       0       
      +0       0       0       0       0       0       0       0       0       0       0       0       0       0       0       
      +0       0       0       0       0       0       0
   404 ;;Total ram usage:        0 bytes
   405 ;; Hardware stack levels used:    1
   406 ;; This function calls:
   407 ;;		Nothing
   408 ;; This function is called by:
   409 ;;		_main
   410 ;; This function uses a non-reentrant model
   411 ;;
   412                           
   413                           	psect	text2
   414  01FE8E                     __ptext2:
   415                           	callstack 0
   416  01FE8E                     _UserAppInitialize:
   417                           	callstack 127
   418  01FE8E                     
   419                           ;../user_app.c: 79:     LATA = 0x00;
   420  01FE8E  0E00               	movlw	0
   421  01FE90  6EBE               	movwf	190,c	;volatile
   422                           
   423                           ;../user_app.c: 82:     T0CON0 = 0b10110000;
   424  01FE92  0EB0               	movlw	176
   425  01FE94  0103               	movlb	3	; () banked
   426  01FE96  6F1A               	movwf	26,b	;volatile
   427                           
   428                           ;../user_app.c: 83:     T0CON1 = 0b01010100;
   429  01FE98  0E54               	movlw	84
   430  01FE9A  6F1B               	movwf	27,b	;volatile
   431  01FE9C                     
   432                           ; BSR set to: 3
   433                           ;../user_app.c: 84:     TMR0L;
   434  01FE9C  5118               	movf	24,w,b	;volatile
   435  01FE9E                     
   436                           ; BSR set to: 3
   437                           ;../user_app.c: 85:     TMR0H;
   438  01FE9E  5119               	movf	25,w,b	;volatile
   439  01FEA0                     
   440                           ; BSR set to: 3
   441  01FEA0  0012               	return		;funcret
   442  01FEA2                     __end_of_UserAppInitialize:
   443                           	callstack 0
   444                           
   445 ;; *************** function _TimeXMicroSeconds *****************
   446 ;; Defined at:
   447 ;;		line 21 in file "../TimeXMicroSeconds.c"
   448 ;; Parameters:    Size  Location     Type
   449 ;;  u16DesiredTi    2    0[COMRAM] unsigned short 
   450 ;; Auto vars:     Size  Location     Type
   451 ;;  u16Time         2    4[COMRAM] unsigned short 
   452 ;;  u16Something    2    0        unsigned short 
   453 ;; Return value:  Size  Location     Type
   454 ;;                  2    0[COMRAM] unsigned short 
   455 ;; Registers used:
   456 ;;		wreg, status,2, status,0
   457 ;; Tracked objects:
   458 ;;		On entry : 0/0
   459 ;;		On exit  : 0/0
   460 ;;		Unchanged: 0/0
   461 ;; Data sizes:     COMRAM   BANK5   BANK6   BANK7   BANK8   BANK9  BANK10  BANK11  BANK12  BANK13  BANK14  BANK15  BANK1
      +6  BANK17  BANK18  BANK19  BANK20  BANK21  BANK22  BANK23  BANK24  BANK25  BANK26  BANK27  BANK28  BANK29  BANK30  BANK3
      +1  BANK32  BANK33  BANK34  BANK35  BANK36  BANK37
   462 ;;      Params:         2       0       0       0       0       0       0       0       0       0       0       0       
      +0       0       0       0       0       0       0       0       0       0       0       0       0       0       0       
      +0       0       0       0       0       0       0
   463 ;;      Locals:         4       0       0       0       0       0       0       0       0       0       0       0       
      +0       0       0       0       0       0       0       0       0       0       0       0       0       0       0       
      +0       0       0       0       0       0       0
   464 ;;      Temps:          0       0       0       0       0       0       0       0       0       0       0       0       
      +0       0       0       0       0       0       0       0       0       0       0       0       0       0       0       
      +0       0       0       0       0       0       0
   465 ;;      Totals:         6       0       0       0       0       0       0       0       0       0       0       0       
      +0       0       0       0       0       0       0       0       0       0       0       0       0       0       0       
      +0       0       0       0       0       0       0
   466 ;;Total ram usage:        6 bytes
   467 ;; Hardware stack levels used:    1
   468 ;; This function calls:
   469 ;;		Nothing
   470 ;; This function is called by:
   471 ;;		_main
   472 ;; This function uses a non-reentrant model
   473 ;;
   474                           
   475                           	psect	text3
   476  01FF12                     __ptext3:
   477                           	callstack 0
   478  01FF12                     _TimeXMicroSeconds:
   479                           	callstack 127
   480  01FF12                     
   481                           ;../TimeXMicroSeconds.c: 21: u16 TimeXMicroSeconds(u16 u16DesiredTime);../TimeXMicroSeco
      +                          nds.c: 22: {;../TimeXMicroSeconds.c: 28:     T0CON0 ^= 0b10000000;
   482  01FF12  0E80               	movlw	128
   483  01FF14  0103               	movlb	3	; () banked
   484  01FF16  1B1A               	xorwf	26,f,b	;volatile
   485  01FF18                     
   486                           ; BSR set to: 3
   487                           ;../TimeXMicroSeconds.c: 34:     u16 u16Time = 0xFFFF - u16DesiredTime;
   488  01FF18  1C14               	comf	TimeXMicroSeconds@u16DesiredTime^(0+1280),w,c
   489  01FF1A  6E18               	movwf	TimeXMicroSeconds@u16Time^(0+1280),c
   490  01FF1C  1C15               	comf	(TimeXMicroSeconds@u16DesiredTime+1)^(0+1280),w,c
   491  01FF1E  6E19               	movwf	(TimeXMicroSeconds@u16Time+1)^(0+1280),c
   492  01FF20                     
   493                           ; BSR set to: 3
   494                           ;../TimeXMicroSeconds.c: 38:     TMR0L = u16Time & 0x00FF;
   495  01FF20  0061  F460  F318   	movff	TimeXMicroSeconds@u16Time,792	;volatile
   496                           
   497                           ;../TimeXMicroSeconds.c: 39:     TMR0H = (u16Time & 0xFF00) / 0x100;
   498  01FF26  5019               	movf	(TimeXMicroSeconds@u16Time+1)^(0+1280),w,c
   499  01FF28  6F19               	movwf	25,b	;volatile
   500  01FF2A                     
   501                           ; BSR set to: 3
   502                           ;../TimeXMicroSeconds.c: 43:     if((PIR3 & 0b10000000) != 0)
   503  01FF2A  AEB1               	btfss	177,7,c	;volatile
   504  01FF2C  EF9A  F0FF         	goto	u61
   505  01FF30  EF9C  F0FF         	goto	u60
   506  01FF34                     u61:
   507  01FF34  EFA0  F0FF         	goto	l885
   508  01FF38                     u60:
   509  01FF38                     
   510                           ; BSR set to: 3
   511                           ;../TimeXMicroSeconds.c: 44:     {;../TimeXMicroSeconds.c: 45:         PIR3 ^= 0b1000000
      +                          0;
   512  01FF38  0E80               	movlw	128
   513  01FF3A  1AB1               	xorwf	177,f,c	;volatile
   514                           
   515                           ;../TimeXMicroSeconds.c: 47:     }
   516  01FF3C  EFA0  F0FF         	goto	l887
   517  01FF40                     l885:
   518  01FF40                     l887:
   519                           
   520                           ; BSR set to: 3
   521                           ;../TimeXMicroSeconds.c: 55:     T0CON0 ^= 0b10000000;
   522  01FF40  0E80               	movlw	128
   523  01FF42  1B1A               	xorwf	26,f,b	;volatile
   524  01FF44                     
   525                           ; BSR set to: 3
   526  01FF44  0012               	return		;funcret
   527  01FF46                     __end_of_TimeXMicroSeconds:
   528                           	callstack 0
   529                           
   530 ;; *************** function _SystemSleep *****************
   531 ;; Defined at:
   532 ;;		line 138 in file "../encm369_pic18.c"
   533 ;; Parameters:    Size  Location     Type
   534 ;;		None
   535 ;; Auto vars:     Size  Location     Type
   536 ;;		None
   537 ;; Return value:  Size  Location     Type
   538 ;;                  1    wreg      void 
   539 ;; Registers used:
   540 ;;		None
   541 ;; Tracked objects:
   542 ;;		On entry : 0/0
   543 ;;		On exit  : 0/0
   544 ;;		Unchanged: 0/0
   545 ;; Data sizes:     COMRAM   BANK5   BANK6   BANK7   BANK8   BANK9  BANK10  BANK11  BANK12  BANK13  BANK14  BANK15  BANK1
      +6  BANK17  BANK18  BANK19  BANK20  BANK21  BANK22  BANK23  BANK24  BANK25  BANK26  BANK27  BANK28  BANK29  BANK30  BANK3
      +1  BANK32  BANK33  BANK34  BANK35  BANK36  BANK37
   546 ;;      Params:         0       0       0       0       0       0       0       0       0       0       0       0       
      +0       0       0       0       0       0       0       0       0       0       0       0       0       0       0       
      +0       0       0       0       0       0       0
   547 ;;      Locals:         0       0       0       0       0       0       0       0       0       0       0       0       
      +0       0       0       0       0       0       0       0       0       0       0       0       0       0       0       
      +0       0       0       0       0       0       0
   548 ;;      Temps:          0       0       0       0       0       0       0       0       0       0       0       0       
      +0       0       0       0       0       0       0       0       0       0       0       0       0       0       0       
      +0       0       0       0       0       0       0
   549 ;;      Totals:         0       0       0       0       0       0       0       0       0       0       0       0       
      +0       0       0       0       0       0       0       0       0       0       0       0       0       0       0       
      +0       0       0       0       0       0       0
   550 ;;Total ram usage:        0 bytes
   551 ;; Hardware stack levels used:    1
   552 ;; This function calls:
   553 ;;		Nothing
   554 ;; This function is called by:
   555 ;;		_main
   556 ;; This function uses a non-reentrant model
   557 ;;
   558                           
   559                           	psect	text4
   560  01FE86                     __ptext4:
   561                           	callstack 0
   562  01FE86                     _SystemSleep:
   563                           	callstack 127
   564  01FE86  0012               	return		;funcret
   565  01FE88                     __end_of_SystemSleep:
   566                           	callstack 0
   567                           
   568 ;; *************** function _SysTickSetup *****************
   569 ;; Defined at:
   570 ;;		line 116 in file "../encm369_pic18.c"
   571 ;; Parameters:    Size  Location     Type
   572 ;;		None
   573 ;; Auto vars:     Size  Location     Type
   574 ;;		None
   575 ;; Return value:  Size  Location     Type
   576 ;;                  1    wreg      void 
   577 ;; Registers used:
   578 ;;		wreg, status,2
   579 ;; Tracked objects:
   580 ;;		On entry : 0/0
   581 ;;		On exit  : 0/0
   582 ;;		Unchanged: 0/0
   583 ;; Data sizes:     COMRAM   BANK5   BANK6   BANK7   BANK8   BANK9  BANK10  BANK11  BANK12  BANK13  BANK14  BANK15  BANK1
      +6  BANK17  BANK18  BANK19  BANK20  BANK21  BANK22  BANK23  BANK24  BANK25  BANK26  BANK27  BANK28  BANK29  BANK30  BANK3
      +1  BANK32  BANK33  BANK34  BANK35  BANK36  BANK37
   584 ;;      Params:         0       0       0       0       0       0       0       0       0       0       0       0       
      +0       0       0       0       0       0       0       0       0       0       0       0       0       0       0       
      +0       0       0       0       0       0       0
   585 ;;      Locals:         0       0       0       0       0       0       0       0       0       0       0       0       
      +0       0       0       0       0       0       0       0       0       0       0       0       0       0       0       
      +0       0       0       0       0       0       0
   586 ;;      Temps:          0       0       0       0       0       0       0       0       0       0       0       0       
      +0       0       0       0       0       0       0       0       0       0       0       0       0       0       0       
      +0       0       0       0       0       0       0
   587 ;;      Totals:         0       0       0       0       0       0       0       0       0       0       0       0       
      +0       0       0       0       0       0       0       0       0       0       0       0       0       0       0       
      +0       0       0       0       0       0       0
   588 ;;Total ram usage:        0 bytes
   589 ;; Hardware stack levels used:    1
   590 ;; This function calls:
   591 ;;		Nothing
   592 ;; This function is called by:
   593 ;;		_main
   594 ;; This function uses a non-reentrant model
   595 ;;
   596                           
   597                           	psect	text5
   598  01FEBE                     __ptext5:
   599                           	callstack 0
   600  01FEBE                     _SysTickSetup:
   601                           	callstack 127
   602  01FEBE                     
   603                           ;../encm369_pic18.c: 118:   G_u32SystemTime1ms = 0;
   604  01FEBE  0E00               	movlw	0
   605  01FEC0  6E09               	movwf	_G_u32SystemTime1ms^(0+1280),c	;volatile
   606  01FEC2  0E00               	movlw	0
   607  01FEC4  6E0A               	movwf	(_G_u32SystemTime1ms+1)^(0+1280),c	;volatile
   608  01FEC6  0E00               	movlw	0
   609  01FEC8  6E0B               	movwf	(_G_u32SystemTime1ms+2)^(0+1280),c	;volatile
   610  01FECA  0E00               	movlw	0
   611  01FECC  6E0C               	movwf	(_G_u32SystemTime1ms+3)^(0+1280),c	;volatile
   612                           
   613                           ;../encm369_pic18.c: 119:   G_u32SystemTime1s = 0;
   614  01FECE  0E00               	movlw	0
   615  01FED0  6E05               	movwf	_G_u32SystemTime1s^(0+1280),c	;volatile
   616  01FED2  0E00               	movlw	0
   617  01FED4  6E06               	movwf	(_G_u32SystemTime1s+1)^(0+1280),c	;volatile
   618  01FED6  0E00               	movlw	0
   619  01FED8  6E07               	movwf	(_G_u32SystemTime1s+2)^(0+1280),c	;volatile
   620  01FEDA  0E00               	movlw	0
   621  01FEDC  6E08               	movwf	(_G_u32SystemTime1s+3)^(0+1280),c	;volatile
   622  01FEDE  0012               	return		;funcret
   623  01FEE0                     __end_of_SysTickSetup:
   624                           	callstack 0
   625                           
   626 ;; *************** function _GpioSetup *****************
   627 ;; Defined at:
   628 ;;		line 89 in file "../encm369_pic18.c"
   629 ;; Parameters:    Size  Location     Type
   630 ;;		None
   631 ;; Auto vars:     Size  Location     Type
   632 ;;		None
   633 ;; Return value:  Size  Location     Type
   634 ;;                  1    wreg      void 
   635 ;; Registers used:
   636 ;;		wreg, status,2
   637 ;; Tracked objects:
   638 ;;		On entry : 0/0
   639 ;;		On exit  : 0/0
   640 ;;		Unchanged: 0/0
   641 ;; Data sizes:     COMRAM   BANK5   BANK6   BANK7   BANK8   BANK9  BANK10  BANK11  BANK12  BANK13  BANK14  BANK15  BANK1
      +6  BANK17  BANK18  BANK19  BANK20  BANK21  BANK22  BANK23  BANK24  BANK25  BANK26  BANK27  BANK28  BANK29  BANK30  BANK3
      +1  BANK32  BANK33  BANK34  BANK35  BANK36  BANK37
   642 ;;      Params:         0       0       0       0       0       0       0       0       0       0       0       0       
      +0       0       0       0       0       0       0       0       0       0       0       0       0       0       0       
      +0       0       0       0       0       0       0
   643 ;;      Locals:         0       0       0       0       0       0       0       0       0       0       0       0       
      +0       0       0       0       0       0       0       0       0       0       0       0       0       0       0       
      +0       0       0       0       0       0       0
   644 ;;      Temps:          0       0       0       0       0       0       0       0       0       0       0       0       
      +0       0       0       0       0       0       0       0       0       0       0       0       0       0       0       
      +0       0       0       0       0       0       0
   645 ;;      Totals:         0       0       0       0       0       0       0       0       0       0       0       0       
      +0       0       0       0       0       0       0       0       0       0       0       0       0       0       0       
      +0       0       0       0       0       0       0
   646 ;;Total ram usage:        0 bytes
   647 ;; Hardware stack levels used:    1
   648 ;; This function calls:
   649 ;;		Nothing
   650 ;; This function is called by:
   651 ;;		_main
   652 ;; This function uses a non-reentrant model
   653 ;;
   654                           
   655                           	psect	text6
   656  01FEA2                     __ptext6:
   657                           	callstack 0
   658  01FEA2                     _GpioSetup:
   659                           	callstack 127
   660  01FEA2                     
   661                           ;../encm369_pic18.c: 91:    TRISB = 0x28;
   662  01FEA2  0E28               	movlw	40
   663  01FEA4  6EC7               	movwf	199,c	;volatile
   664                           
   665                           ;../encm369_pic18.c: 92:    ANSELB = 0x00;
   666  01FEA6  0E00               	movlw	0
   667  01FEA8  0104               	movlb	4	; () banked
   668  01FEAA  6F08               	movwf	8,b	;volatile
   669                           
   670                           ;../encm369_pic18.c: 93:    PORTB = 0x00;
   671  01FEAC  0E00               	movlw	0
   672  01FEAE  6ECF               	movwf	207,c	;volatile
   673                           
   674                           ;../encm369_pic18.c: 96:   TRISA = 0x00;
   675  01FEB0  0E00               	movlw	0
   676  01FEB2  6EC6               	movwf	198,c	;volatile
   677                           
   678                           ;../encm369_pic18.c: 97:   ANSELA = 0x00;
   679  01FEB4  0E00               	movlw	0
   680  01FEB6  6F00               	movwf	0,b	;volatile
   681                           
   682                           ;../encm369_pic18.c: 98:   LATA = 0x00;
   683  01FEB8  0E00               	movlw	0
   684  01FEBA  6EBE               	movwf	190,c	;volatile
   685  01FEBC                     
   686                           ; BSR set to: 4
   687  01FEBC  0012               	return		;funcret
   688  01FEBE                     __end_of_GpioSetup:
   689                           	callstack 0
   690                           
   691 ;; *************** function _ClockSetup *****************
   692 ;; Defined at:
   693 ;;		line 70 in file "../encm369_pic18.c"
   694 ;; Parameters:    Size  Location     Type
   695 ;;		None
   696 ;; Auto vars:     Size  Location     Type
   697 ;;		None
   698 ;; Return value:  Size  Location     Type
   699 ;;                  1    wreg      void 
   700 ;; Registers used:
   701 ;;		None
   702 ;; Tracked objects:
   703 ;;		On entry : 0/0
   704 ;;		On exit  : 0/0
   705 ;;		Unchanged: 0/0
   706 ;; Data sizes:     COMRAM   BANK5   BANK6   BANK7   BANK8   BANK9  BANK10  BANK11  BANK12  BANK13  BANK14  BANK15  BANK1
      +6  BANK17  BANK18  BANK19  BANK20  BANK21  BANK22  BANK23  BANK24  BANK25  BANK26  BANK27  BANK28  BANK29  BANK30  BANK3
      +1  BANK32  BANK33  BANK34  BANK35  BANK36  BANK37
   707 ;;      Params:         0       0       0       0       0       0       0       0       0       0       0       0       
      +0       0       0       0       0       0       0       0       0       0       0       0       0       0       0       
      +0       0       0       0       0       0       0
   708 ;;      Locals:         0       0       0       0       0       0       0       0       0       0       0       0       
      +0       0       0       0       0       0       0       0       0       0       0       0       0       0       0       
      +0       0       0       0       0       0       0
   709 ;;      Temps:          0       0       0       0       0       0       0       0       0       0       0       0       
      +0       0       0       0       0       0       0       0       0       0       0       0       0       0       0       
      +0       0       0       0       0       0       0
   710 ;;      Totals:         0       0       0       0       0       0       0       0       0       0       0       0       
      +0       0       0       0       0       0       0       0       0       0       0       0       0       0       0       
      +0       0       0       0       0       0       0
   711 ;;Total ram usage:        0 bytes
   712 ;; Hardware stack levels used:    1
   713 ;; This function calls:
   714 ;;		Nothing
   715 ;; This function is called by:
   716 ;;		_main
   717 ;; This function uses a non-reentrant model
   718 ;;
   719                           
   720                           	psect	text7
   721  01FE84                     __ptext7:
   722                           	callstack 0
   723  01FE84                     _ClockSetup:
   724                           	callstack 127
   725  01FE84  0012               	return		;funcret
   726  01FE86                     __end_of_ClockSetup:
   727                           	callstack 0
   728  0000                     
   729                           	psect	rparam
   730  0000                     
   731                           	psect	idloc
   732                           
   733                           ;Config register IDLOC0 @ 0x200000
   734                           ;	unspecified, using default values
   735  200000                     	org	2097152
   736  200000  0FFF               	dw	4095
   737                           
   738                           ;Config register IDLOC1 @ 0x200002
   739                           ;	unspecified, using default values
   740  200002                     	org	2097154
   741  200002  0FFF               	dw	4095
   742                           
   743                           ;Config register IDLOC2 @ 0x200004
   744                           ;	unspecified, using default values
   745  200004                     	org	2097156
   746  200004  0FFF               	dw	4095
   747                           
   748                           ;Config register IDLOC3 @ 0x200006
   749                           ;	unspecified, using default values
   750  200006                     	org	2097158
   751  200006  0FFF               	dw	4095
   752                           
   753                           ;Config register IDLOC4 @ 0x200008
   754                           ;	unspecified, using default values
   755  200008                     	org	2097160
   756  200008  0FFF               	dw	4095
   757                           
   758                           ;Config register IDLOC5 @ 0x20000A
   759                           ;	unspecified, using default values
   760  20000A                     	org	2097162
   761  20000A  0FFF               	dw	4095
   762                           
   763                           ;Config register IDLOC6 @ 0x20000C
   764                           ;	unspecified, using default values
   765  20000C                     	org	2097164
   766  20000C  0FFF               	dw	4095
   767                           
   768                           ;Config register IDLOC7 @ 0x20000E
   769                           ;	unspecified, using default values
   770  20000E                     	org	2097166
   771  20000E  0FFF               	dw	4095
   772                           
   773                           ;Config register IDLOC8 @ 0x200010
   774                           ;	unspecified, using default values
   775  200010                     	org	2097168
   776  200010  0FFF               	dw	4095
   777                           
   778                           ;Config register IDLOC9 @ 0x200012
   779                           ;	unspecified, using default values
   780  200012                     	org	2097170
   781  200012  0FFF               	dw	4095
   782                           
   783                           ;Config register IDLOC10 @ 0x200014
   784                           ;	unspecified, using default values
   785  200014                     	org	2097172
   786  200014  0FFF               	dw	4095
   787                           
   788                           ;Config register IDLOC11 @ 0x200016
   789                           ;	unspecified, using default values
   790  200016                     	org	2097174
   791  200016  0FFF               	dw	4095
   792                           
   793                           ;Config register IDLOC12 @ 0x200018
   794                           ;	unspecified, using default values
   795  200018                     	org	2097176
   796  200018  0FFF               	dw	4095
   797                           
   798                           ;Config register IDLOC13 @ 0x20001A
   799                           ;	unspecified, using default values
   800  20001A                     	org	2097178
   801  20001A  0FFF               	dw	4095
   802                           
   803                           ;Config register IDLOC14 @ 0x20001C
   804                           ;	unspecified, using default values
   805  20001C                     	org	2097180
   806  20001C  0FFF               	dw	4095
   807                           
   808                           ;Config register IDLOC15 @ 0x20001E
   809                           ;	unspecified, using default values
   810  20001E                     	org	2097182
   811  20001E  0FFF               	dw	4095
   812                           
   813                           	psect	config
   814                           
   815                           ;Config register CONFIG1 @ 0x300000
   816                           ;	External Oscillator Selection
   817                           ;	FEXTOSC = OFF, Oscillator not enabled
   818                           ;	Reset Oscillator Selection
   819                           ;	RSTOSC = HFINTOSC_64MHZ, HFINTOSC with HFFRQ = 64 MHz and CDIV = 1:1
   820  300000                     	org	3145728
   821  300000  8C                 	db	140
   822                           
   823                           ;Config register CONFIG2 @ 0x300001
   824                           ;	Clock out Enable bit
   825                           ;	CLKOUTEN = ON, CLKOUT function is enabled
   826                           ;	PRLOCKED One-Way Set Enable bit
   827                           ;	PR1WAY = ON, PRLOCKED bit can be cleared and set only once
   828                           ;	Clock Switch Enable bit
   829                           ;	CSWEN = ON, Writing to NOSC and NDIV is allowed
   830                           ;	Fail-Safe Clock Monitor Enable bit
   831                           ;	FCMEN = ON, Fail-Safe Clock Monitor enabled
   832  300001                     	org	3145729
   833  300001  FE                 	db	254
   834                           
   835                           ;Config register CONFIG3 @ 0x300002
   836                           ;	MCLR Enable bit
   837                           ;	MCLRE = EXTMCLR, If LVP = 0, MCLR pin is MCLR; If LVP = 1, RE3 pin function is MCLR
   838                           ;	Power-up timer selection bits
   839                           ;	PWRTS = PWRT_OFF, PWRT is disabled
   840                           ;	Multi-vector enable bit
   841                           ;	MVECEN = ON, Multi-vector enabled, Vector table used for interrupts
   842                           ;	IVTLOCK bit One-way set enable bit
   843                           ;	IVT1WAY = ON, IVTLOCKED bit can be cleared and set only once
   844                           ;	Low Power BOR Enable bit
   845                           ;	LPBOREN = OFF, Low-Power BOR disabled
   846                           ;	Brown-out Reset Enable bits
   847                           ;	BOREN = SBORDIS, Brown-out Reset enabled , SBOREN bit is ignored
   848  300002                     	org	3145730
   849  300002  FF                 	db	255
   850                           
   851                           ;Config register CONFIG4 @ 0x300003
   852                           ;	Brown-out Reset Voltage Selection bits
   853                           ;	BORV = VBOR_2P85, Brown-out Reset Voltage (VBOR) set to 2.8V
   854                           ;	ZCD Disable bit
   855                           ;	ZCD = OFF, ZCD module is disabled. ZCD can be enabled by setting the ZCDSEN bit of ZCD
      +                          CON
   856                           ;	PPSLOCK bit One-Way Set Enable bit
   857                           ;	PPS1WAY = ON, PPSLOCKED bit can be cleared and set only once; PPS registers remain loc
      +                          ked after one clear/set cycle
   858                           ;	Stack Full/Underflow Reset Enable bit
   859                           ;	STVREN = ON, Stack full/underflow will cause Reset
   860                           ;	Low Voltage Programming Enable bit
   861                           ;	LVP = ON, Low voltage programming enabled. MCLR/VPP pin function is MCLR. MCLRE config
      +                          uration bit is ignored
   862                           ;	Extended Instruction Set Enable bit
   863                           ;	XINST = OFF, Extended Instruction Set and Indexed Addressing Mode disabled
   864  300003                     	org	3145731
   865  300003  FC                 	db	252
   866                           
   867                           ;Config register CONFIG5 @ 0x300004
   868                           ;	WDT Period selection bits
   869                           ;	WDTCPS = WDTCPS_31, Divider ratio 1:65536; software control of WDTPS
   870                           ;	WDT operating mode
   871                           ;	WDTE = OFF, WDT Disabled; SWDTEN is ignored
   872  300004                     	org	3145732
   873  300004  9F                 	db	159
   874                           
   875                           ;Config register CONFIG6 @ 0x300005
   876                           ;	WDT Window Select bits
   877                           ;	WDTCWS = WDTCWS_7, window always open (100%); software control; keyed access not requi
      +                          red
   878                           ;	WDT input clock selector
   879                           ;	WDTCCS = SC, Software Control
   880  300005                     	org	3145733
   881  300005  FF                 	db	255
   882                           
   883                           ;Config register CONFIG7 @ 0x300006
   884                           ;	Boot Block Size selection bits
   885                           ;	BBSIZE = BBSIZE_512, Boot Block size is 512 words
   886                           ;	Boot Block enable bit
   887                           ;	BBEN = OFF, Boot block disabled
   888                           ;	Storage Area Flash enable bit
   889                           ;	SAFEN = OFF, SAF disabled
   890                           ;	Background Debugger
   891                           ;	DEBUG = OFF, Background Debugger disabled
   892  300006                     	org	3145734
   893  300006  FF                 	db	255
   894                           
   895                           ;Config register CONFIG8 @ 0x300007
   896                           ;	Boot Block Write Protection bit
   897                           ;	WRTB = OFF, Boot Block not Write protected
   898                           ;	Configuration Register Write Protection bit
   899                           ;	WRTC = OFF, Configuration registers not Write protected
   900                           ;	Data EEPROM Write Protection bit
   901                           ;	WRTD = OFF, Data EEPROM not Write protected
   902                           ;	SAF Write protection bit
   903                           ;	WRTSAF = OFF, SAF not Write Protected
   904                           ;	Application Block write protection bit
   905                           ;	WRTAPP = OFF, Application Block not write protected
   906  300007                     	org	3145735
   907  300007  FF                 	db	255
   908                           
   909                           ; Padding undefined space
   910  300008                     	org	3145736
   911  300008  FF                 	db	255
   912                           
   913                           ;Config register CONFIG10 @ 0x300009
   914                           ;	PFM and Data EEPROM Code Protection bit
   915                           ;	CP = OFF, PFM and Data EEPROM code protection disabled
   916  300009                     	org	3145737
   917  300009  FF                 	db	255
   918                           tosu	equ	0x4FF
   919                           tosh	equ	0x4FE
   920                           tosl	equ	0x4FD
   921                           stkptr	equ	0x4FC
   922                           pclatu	equ	0x4FB
   923                           pclath	equ	0x4FA
   924                           pcl	equ	0x4F9
   925                           tblptru	equ	0x4F8
   926                           tblptrh	equ	0x4F7
   927                           tblptrl	equ	0x4F6
   928                           tablat	equ	0x4F5
   929                           prodh	equ	0x4F4
   930                           prodl	equ	0x4F3
   931                           indf0	equ	0x4EF
   932                           postinc0	equ	0x4EE
   933                           postdec0	equ	0x4ED
   934                           preinc0	equ	0x4EC
   935                           plusw0	equ	0x4EB
   936                           fsr0h	equ	0x4EA
   937                           fsr0l	equ	0x4E9
   938                           wreg	equ	0x4E8
   939                           indf1	equ	0x4E7
   940                           postinc1	equ	0x4E6
   941                           postdec1	equ	0x4E5
   942                           preinc1	equ	0x4E4
   943                           plusw1	equ	0x4E3
   944                           fsr1h	equ	0x4E2
   945                           fsr1l	equ	0x4E1
   946                           bsr	equ	0x4E0
   947                           indf2	equ	0x4DF
   948                           postinc2	equ	0x4DE
   949                           postdec2	equ	0x4DD
   950                           preinc2	equ	0x4DC
   951                           plusw2	equ	0x4DB
   952                           fsr2h	equ	0x4DA
   953                           fsr2l	equ	0x4D9
   954                           status	equ	0x4D8

Data Sizes:
    Strings     0
    Constant    0
    Data        6
    BSS         19
    Persistent  0
    Stack       0

Auto Spaces:
    Space          Size  Autos    Used
    COMRAM           95      8      33
    BANK5           160      0       0
    BANK6           256      0       0
    BANK7           256      0       0
    BANK8           256      0       0
    BANK9           256      0       0
    BANK10          256      0       0
    BANK11          256      0       0
    BANK12          256      0       0
    BANK13          256      0       0
    BANK14          256      0       0
    BANK15          256      0       0
    BANK16          256      0       0
    BANK17          256      0       0
    BANK18          256      0       0
    BANK19          256      0       0
    BANK20          256      0       0
    BANK21          256      0       0
    BANK22          256      0       0
    BANK23          256      0       0
    BANK24          256      0       0
    BANK25          256      0       0
    BANK26          256      0       0
    BANK27          256      0       0
    BANK28          256      0       0
    BANK29          256      0       0
    BANK30          256      0       0
    BANK31          256      0       0
    BANK32          256      0       0
    BANK33          256      0       0
    BANK34          256      0       0
    BANK35          256      0       0
    BANK36          256      0       0
    BANK37          256      0       0

Pointer List with Targets:

    None.

Critical Paths under _main in COMRAM

    _main->_UserAppRun

Critical Paths under _main in BANK5

    None.

Critical Paths under _main in BANK6

    None.

Critical Paths under _main in BANK7

    None.

Critical Paths under _main in BANK8

    None.

Critical Paths under _main in BANK9

    None.

Critical Paths under _main in BANK10

    None.

Critical Paths under _main in BANK11

    None.

Critical Paths under _main in BANK12

    None.

Critical Paths under _main in BANK13

    None.

Critical Paths under _main in BANK14

    None.

Critical Paths under _main in BANK15

    None.

Critical Paths under _main in BANK16

    None.

Critical Paths under _main in BANK17

    None.

Critical Paths under _main in BANK18

    None.

Critical Paths under _main in BANK19

    None.

Critical Paths under _main in BANK20

    None.

Critical Paths under _main in BANK21

    None.

Critical Paths under _main in BANK22

    None.

Critical Paths under _main in BANK23

    None.

Critical Paths under _main in BANK24

    None.

Critical Paths under _main in BANK25

    None.

Critical Paths under _main in BANK26

    None.

Critical Paths under _main in BANK27

    None.

Critical Paths under _main in BANK28

    None.

Critical Paths under _main in BANK29

    None.

Critical Paths under _main in BANK30

    None.

Critical Paths under _main in BANK31

    None.

Critical Paths under _main in BANK32

    None.

Critical Paths under _main in BANK33

    None.

Critical Paths under _main in BANK34

    None.

Critical Paths under _main in BANK35

    None.

Critical Paths under _main in BANK36

    None.

Critical Paths under _main in BANK37

    None.

Call Graph Tables:

 ---------------------------------------------------------------------------------
 (Depth) Function   	        Calls       Base Space   Used Autos Params    Refs
 ---------------------------------------------------------------------------------
 (0) _main                                                 0     0      0     226
                         _ClockSetup
                          _GpioSetup
                       _SysTickSetup
                        _SystemSleep
                  _TimeXMicroSeconds
                  _UserAppInitialize
                         _UserAppRun
 ---------------------------------------------------------------------------------
 (1) _UserAppRun                                           8     8      0      75
                                              0 COMRAM     8     8      0
 ---------------------------------------------------------------------------------
 (1) _UserAppInitialize                                    0     0      0       0
 ---------------------------------------------------------------------------------
 (1) _TimeXMicroSeconds                                    6     4      2     151
                                              0 COMRAM     6     4      2
 ---------------------------------------------------------------------------------
 (1) _SystemSleep                                          0     0      0       0
 ---------------------------------------------------------------------------------
 (1) _SysTickSetup                                         0     0      0       0
 ---------------------------------------------------------------------------------
 (1) _GpioSetup                                            0     0      0       0
 ---------------------------------------------------------------------------------
 (1) _ClockSetup                                           0     0      0       0
 ---------------------------------------------------------------------------------
 Estimated maximum stack depth 1
 ---------------------------------------------------------------------------------

 Call Graph Graphs:

 _main (ROOT)
   _ClockSetup
   _GpioSetup
   _SysTickSetup
   _SystemSleep
   _TimeXMicroSeconds
   _UserAppInitialize
   _UserAppRun

 Address spaces:
Name               Size   Autos  Total    Cost      Usage
BIGRAM            20FF      0       0      71        0.0%
EEDATA             400      0       0       0        0.0%
BITBANK37          100      0       0      70        0.0%
BANK37             100      0       0      68        0.0%
BITBANK36          100      0       0      66        0.0%
BANK36             100      0       0      67        0.0%
BITBANK35          100      0       0      64        0.0%
BANK35             100      0       0      65        0.0%
BITBANK34          100      0       0      62        0.0%
BANK34             100      0       0      63        0.0%
BITBANK33          100      0       0      60        0.0%
BANK33             100      0       0      61        0.0%
BITBANK32          100      0       0      58        0.0%
BANK32             100      0       0      59        0.0%
BITBANK31          100      0       0      56        0.0%
BANK31             100      0       0      57        0.0%
BITBANK30          100      0       0      54        0.0%
BANK30             100      0       0      55        0.0%
BITBANK29          100      0       0      52        0.0%
BANK29             100      0       0      53        0.0%
BITBANK28          100      0       0      50        0.0%
BANK28             100      0       0      51        0.0%
BITBANK27          100      0       0      48        0.0%
BANK27             100      0       0      49        0.0%
BITBANK26          100      0       0      46        0.0%
BANK26             100      0       0      47        0.0%
BITBANK25          100      0       0      44        0.0%
BANK25             100      0       0      45        0.0%
BITBANK24          100      0       0      42        0.0%
BANK24             100      0       0      43        0.0%
BITBANK23          100      0       0      40        0.0%
BANK23             100      0       0      41        0.0%
BITBANK22          100      0       0      38        0.0%
BANK22             100      0       0      39        0.0%
BITBANK21          100      0       0      36        0.0%
BANK21             100      0       0      37        0.0%
BITBANK20          100      0       0      34        0.0%
BANK20             100      0       0      35        0.0%
BITBANK19          100      0       0      32        0.0%
BANK19             100      0       0      33        0.0%
BITBANK18          100      0       0      30        0.0%
BANK18             100      0       0      31        0.0%
BITBANK17          100      0       0      28        0.0%
BANK17             100      0       0      29        0.0%
BITBANK16          100      0       0      26        0.0%
BANK16             100      0       0      27        0.0%
BITBANK15          100      0       0      24        0.0%
BANK15             100      0       0      25        0.0%
BITBANK14          100      0       0      22        0.0%
BANK14             100      0       0      23        0.0%
BITBANK13          100      0       0      20        0.0%
BANK13             100      0       0      21        0.0%
BITBANK12          100      0       0      18        0.0%
BANK12             100      0       0      19        0.0%
BITBANK11          100      0       0      16        0.0%
BANK11             100      0       0      17        0.0%
BITBANK10          100      0       0      14        0.0%
BANK10             100      0       0      15        0.0%
BITBANK9           100      0       0      12        0.0%
BANK9              100      0       0      13        0.0%
BITBANK8           100      0       0      10        0.0%
BANK8              100      0       0      11        0.0%
BITBANK7           100      0       0       8        0.0%
BANK7              100      0       0       9        0.0%
BITBANK6           100      0       0       6        0.0%
BANK6              100      0       0       7        0.0%
BITBANK5            A0      0       0       4        0.0%
BANK5               A0      0       0       5        0.0%
BITCOMRAM           5F      0       0       0        0.0%
COMRAM              5F      8      21       1       34.7%
BITSFR_5             0      0       0     200        0.0%
SFR_5                0      0       0     200        0.0%
BITSFR_4             0      0       0     200        0.0%
SFR_4                0      0       0     200        0.0%
BITSFR_3             0      0       0     200        0.0%
SFR_3                0      0       0     200        0.0%
BITSFR_2             0      0       0     200        0.0%
SFR_2                0      0       0     200        0.0%
BITSFR_1             0      0       0     200        0.0%
SFR_1                0      0       0     200        0.0%
BITSFR               0      0       0     200        0.0%
SFR                  0      0       0     200        0.0%
STACK                0      0       0       2        0.0%
NULL                 0      0       0       0        0.0%
ABS                  0      0      21      69        0.0%
DATA                 0      0      21       3        0.0%
CODE                 0      0       0       0        0.0%


Microchip Technology PIC18 Macro Assembler V2.31 build 20201012212115 
Symbol Table                                                                                   Wed Mar 03 06:36:57 2021

               __size_of_SysTickSetup 0022                                    l22 FEBC  
                                  l25 FEDE                                    l19 FE84  
                                  l28 FE86                                    l78 FEA0  
                                  l95 FFF2                                    l96 FFFA  
                                  u11 FF8E                                    u20 FFB0  
                                  u21 FFAC                                    u30 FFEA  
                                  u31 FFE6                                    u60 FF38  
                                  u61 FF34                                    u70 FF7C  
                                  u71 FF78                     _TimeXMicroSeconds FF12  
                  ?_TimeXMicroSeconds 0514                                   l109 FF44  
                                 l821 FFB0                                   l901 FF58  
                                 l831 FFD4                                   l823 FFB4  
                                 l815 FF96                                   l903 FF5C  
                                 l833 FFEA                                   l825 FFBA  
                                 l817 FF96                                   l905 FF60  
                                 l827 FFCA                                   l819 FF9A  
                                 l907 FF6C                                   l829 FFD0  
                                 l871 FEBE                                   l791 FE9C  
                                 l785 FEA2                                   l881 FF2A  
                                 l873 FF12                                   l793 FE9E  
                                 l883 FF38                                   l875 FF18  
                                 l795 FF84                                   l891 FF46  
                                 l885 FF40                                   l877 FF18  
                                 l789 FE8E                                   l797 FF84  
                                 l893 FF48                                   l887 FF40  
                                 l879 FF20                                   l799 FF96  
                                 l895 FF4C                                   l897 FF50  
                                 l899 FF54                                   wreg 0004E8  
                 ??_TimeXMicroSeconds 0516                                  _LATA 0004BE  
                                _PIR3 0004B1                                  _main FF46  
                        _SysTickSetup FEBE                                  indf2 0004DF  
                                fsr1l 0004E1                                  fsr2l 0004D9  
                                start FFFC                  __size_of_SystemSleep 0002  
                        ___param_bank 000000             __end_of_TimeXMicroSeconds FF46  
                          _ClockSetup FE84                                 ?_main 0514  
                               _TMR0H 000319                                 _TMR0L 000318  
                               _PORTB 0004CF                                 _TRISA 0004C6  
                               _TRISB 0004C7               UserAppRun@u8TempForLata 051B  
                               tablat 0004F5              TimeXMicroSeconds@u16Time 0518  
                               plusw1 0004E3                                 plusw2 0004DB  
                               status 0004D8                       __initialization FEE0  
                        __end_of_main FF84                                ??_main 051C  
                       __activetblptr 000000                                _ANSELA 000400  
                              _ANSELB 000408                                _T0CON0 00031A  
                              _T0CON1 00031B                    __size_of_GpioSetup 001C  
          __size_of_TimeXMicroSeconds 0034                           ?_ClockSetup 0514  
                              clear_0 FF06                          __pdataCOMRAM 051C  
                              tblptrh 0004F7                                tblptrl 0004F6  
                              tblptru 0004F8                            _UserAppRun FF84  
                          __accesstop 0560               __end_of__initialization FF0C  
                       ___rparam_used 000001                      _G_u8UserAppFlags 0513  
                      __pcstackCOMRAM 0514                     __end_of_GpioSetup FEBE  
UserAppRun@u16LightPatternIncrementer 050F                   __size_of_ClockSetup 0002  
                         ?_UserAppRun 0514                         ??_SystemSleep 0514  
                             __Hparam 0000                               __Lparam 0000  
                             __pcinit FEE0                               __ramtop 2600  
                             __ptext0 FF46                               __ptext1 FF84  
                             __ptext2 FE8E                               __ptext3 FF12  
                             __ptext4 FE86                               __ptext5 FEBE  
                             __ptext6 FEA2                               __ptext7 FE84  
                end_of_initialization FF0C              UserAppRun@u16PowerSwitch 050D  
                    _G_u32SystemFlags 0501                               postdec1 0004E5  
                             postinc0 0004EE                   __end_of_SystemSleep FE88  
                        ??_ClockSetup 0514                   __size_of_UserAppRun 0078  
     TimeXMicroSeconds@u16DesiredTime 0514                  UserAppRun@u16Counter 0511  
                  __end_of_ClockSetup FE86                         __pidataCOMRAM FE88  
                           _GpioSetup FEA2                   start_initialization FEE0  
                       ?_SysTickSetup 0514                           _SystemSleep FE86  
                          ?_GpioSetup 0514                           __pbssCOMRAM 0501  
                   _UserAppInitialize FE8E                          ??_UserAppRun 0514  
                  ?_UserAppInitialize 0514                        ??_SysTickSetup 0514  
                 ??_UserAppInitialize 0514                    __end_of_UserAppRun FFFC  
           __end_of_UserAppInitialize FEA2            UserAppRun@au8LightPatterns 0514  
                         ??_GpioSetup 0514                             copy_data0 FEF4  
                            __Hrparam 0000                              __Lrparam 0000  
                    UserAppRun@F15926 051C                  __end_of_SysTickSetup FEE0  
          __size_of_UserAppInitialize 0014                         __size_of_main 003E  
                        ?_SystemSleep 0514                    _G_u32SystemTime1ms 0509  
                   _G_u32SystemTime1s 0505  
